[2026-03-22 14:58:02] production.INFO: Expiry notification running: sending at configured time. {"send_time":"14:58","app_timezone":"Africa/Mogadishu"} 
[2026-03-22 14:58:02] production.INFO: Expiry notification sent. {"to":"abdirahman.buryar@gmail.com"} 
[2026-03-22 14:58:02] production.INFO: Expiry notification sent. {"to":"hagaajiyeapp@gmail.com"} 
[2026-03-22 14:58:02] production.INFO: Expiry notification sent. {"to":"gambool212@gmail.com"} 
[2026-03-22 14:58:02] production.INFO: Expiry notification sent. {"to":"aquatrack.somalia@gmail.com"} 
[2026-03-22 14:58:02] production.INFO: Expiry notification sent. {"to":"f.bilaal0007@gmail.com"} 
[2026-03-22 14:58:02] production.INFO: Expiry notification sent. {"to":"sinujiifhcsupply@gmail.com"} 
[2026-03-22 14:58:02] production.INFO: Expiry notifications completed. {"recipients":6} 
[2026-03-22 15:25:02] production.INFO: Reorder level notification running: sending at configured time. {"send_time":"15:25","current_time":"15:25"} 
[2026-03-22 15:25:04] production.INFO: Reorder level notification sent. {"to":"abdirahman.buryar@gmail.com"} 
[2026-03-22 15:25:04] production.INFO: Reorder level notification sent. {"to":"hagaajiyeapp@gmail.com"} 
[2026-03-22 15:25:05] production.INFO: Reorder level notification sent. {"to":"gambool212@gmail.com"} 
[2026-03-22 15:25:06] production.INFO: Reorder level notification sent. {"to":"aquatrack.somalia@gmail.com"} 
[2026-03-22 15:25:06] production.INFO: Reorder level notification sent. {"to":"f.bilaal0007@gmail.com"} 
[2026-03-22 15:25:07] production.INFO: Reorder level notification sent. {"to":"sinujiifhcsupply@gmail.com"} 
[2026-03-22 15:25:07] production.ERROR: Too few arguments to function App\Events\LowStockAlert::__construct(), 0 passed in /var/www/warehouse.mohjss.so/app/Console/Commands/SendLowStockNotification.php on line 94 and exactly 1 expected {"exception":"[object] (ArgumentCountError(code: 0): Too few arguments to function App\\Events\\LowStockAlert::__construct(), 0 passed in /var/www/warehouse.mohjss.so/app/Console/Commands/SendLowStockNotification.php on line 94 and exactly 1 expected at /var/www/warehouse.mohjss.so/app/Events/LowStockAlert.php:23)
[stacktrace]
#0 /var/www/warehouse.mohjss.so/app/Console/Commands/SendLowStockNotification.php(94): App\\Events\\LowStockAlert->__construct()
#1 /var/www/warehouse.mohjss.so/vendor/laravel/framework/src/Illuminate/Container/BoundMethod.php(36): App\\Console\\Commands\\SendLowStockNotification->handle()
#2 /var/www/warehouse.mohjss.so/vendor/laravel/framework/src/Illuminate/Container/Util.php(43): Illuminate\\Container\\BoundMethod::Illuminate\\Container\\{closure}()
#3 /var/www/warehouse.mohjss.so/vendor/laravel/framework/src/Illuminate/Container/BoundMethod.php(95): Illuminate\\Container\\Util::unwrapIfClosure()
#4 /var/www/warehouse.mohjss.so/vendor/laravel/framework/src/Illuminate/Container/BoundMethod.php(35): Illuminate\\Container\\BoundMethod::callBoundMethod()
#5 /var/www/warehouse.mohjss.so/vendor/laravel/framework/src/Illuminate/Container/Container.php(696): Illuminate\\Container\\BoundMethod::call()
#6 /var/www/warehouse.mohjss.so/vendor/laravel/framework/src/Illuminate/Console/Command.php(213): Illuminate\\Container\\Container->call()
#7 /var/www/warehouse.mohjss.so/vendor/symfony/console/Command/Command.php(279): Illuminate\\Console\\Command->execute()
#8 /var/www/warehouse.mohjss.so/vendor/laravel/framework/src/Illuminate/Console/Command.php(182): Symfony\\Component\\Console\\Command\\Command->run()
#9 /var/www/warehouse.mohjss.so/vendor/symfony/console/Application.php(1094): Illuminate\\Console\\Command->run()
#10 /var/www/warehouse.mohjss.so/vendor/symfony/console/Application.php(342): Symfony\\Component\\Console\\Application->doRunCommand()
#11 /var/www/warehouse.mohjss.so/vendor/symfony/console/Application.php(193): Symfony\\Component\\Console\\Application->doRun()
#12 /var/www/warehouse.mohjss.so/vendor/laravel/framework/src/Illuminate/Foundation/Console/Kernel.php(198): Symfony\\Component\\Console\\Application->run()
#13 /var/www/warehouse.mohjss.so/vendor/laravel/framework/src/Illuminate/Foundation/Application.php(1235): Illuminate\\Foundation\\Console\\Kernel->handle()
#14 /var/www/warehouse.mohjss.so/artisan(16): Illuminate\\Foundation\\Application->handleCommand()
#15 {main}
"} 
[2026-03-22 15:55:02] production.INFO: Reorder level notification running: sending at configured time. {"send_time":"15:55","current_time":"15:55"} 
[2026-03-22 15:55:03] production.INFO: Reorder level notification sent. {"to":"abdirahman.buryar@gmail.com"} 
[2026-03-22 15:55:04] production.INFO: Reorder level notification sent. {"to":"hagaajiyeapp@gmail.com"} 
[2026-03-22 15:55:04] production.INFO: Reorder level notification sent. {"to":"gambool212@gmail.com"} 
[2026-03-22 15:55:05] production.INFO: Reorder level notification sent. {"to":"aquatrack.somalia@gmail.com"} 
[2026-03-22 15:55:05] production.INFO: Reorder level notification sent. {"to":"f.bilaal0007@gmail.com"} 
[2026-03-22 15:55:06] production.INFO: Reorder level notification sent. {"to":"sinujiifhcsupply@gmail.com"} 
[2026-03-22 15:55:06] production.INFO: Reorder level notifications completed. {"recipients":6} 
[2026-03-23 00:00:03] production.ERROR: SQLSTATE[42S22]: Column not found: 1054 Unknown column 'asset_warranty_end' in 'where clause' (Connection: mysql, SQL: select * from `assets` where `asset_warranty_end` is not null and date(`asset_warranty_end`) > 2026-03-23 and date(`asset_warranty_end`) <= 2026-04-22 and `assets`.`deleted_at` is null) {"exception":"[object] (Illuminate\\Database\\QueryException(code: 42S22): SQLSTATE[42S22]: Column not found: 1054 Unknown column 'asset_warranty_end' in 'where clause' (Connection: mysql, SQL: select * from `assets` where `asset_warranty_end` is not null and date(`asset_warranty_end`) > 2026-03-23 and date(`asset_warranty_end`) <= 2026-04-22 and `assets`.`deleted_at` is null) at /var/www/warehouse.mohjss.so/vendor/laravel/framework/src/Illuminate/Database/Connection.php:825)
[stacktrace]
#0 /var/www/warehouse.mohjss.so/vendor/laravel/framework/src/Illuminate/Database/Connection.php(779): Illuminate\\Database\\Connection->runQueryCallback()
#1 /var/www/warehouse.mohjss.so/vendor/laravel/framework/src/Illuminate/Database/Connection.php(398): Illuminate\\Database\\Connection->run()
#2 /var/www/warehouse.mohjss.so/vendor/laravel/framework/src/Illuminate/Database/Query/Builder.php(3106): Illuminate\\Database\\Connection->select()
#3 /var/www/warehouse.mohjss.so/vendor/laravel/framework/src/Illuminate/Database/Query/Builder.php(3091): Illuminate\\Database\\Query\\Builder->runSelect()
#4 /var/www/warehouse.mohjss.so/vendor/laravel/framework/src/Illuminate/Database/Query/Builder.php(3676): Illuminate\\Database\\Query\\Builder->Illuminate\\Database\\Query\\{closure}()
#5 /var/www/warehouse.mohjss.so/vendor/laravel/framework/src/Illuminate/Database/Query/Builder.php(3090): Illuminate\\Database\\Query\\Builder->onceWithColumns()
#6 /var/www/warehouse.mohjss.so/vendor/laravel/framework/src/Illuminate/Database/Eloquent/Builder.php(811): Illuminate\\Database\\Query\\Builder->get()
#7 /var/www/warehouse.mohjss.so/vendor/laravel/framework/src/Illuminate/Database/Eloquent/Builder.php(793): Illuminate\\Database\\Eloquent\\Builder->getModels()
#8 /var/www/warehouse.mohjss.so/app/Console/Commands/NotifyAssetWarrantyExpiring.php(24): Illuminate\\Database\\Eloquent\\Builder->get()
#9 /var/www/warehouse.mohjss.so/vendor/laravel/framework/src/Illuminate/Container/BoundMethod.php(36): App\\Console\\Commands\\NotifyAssetWarrantyExpiring->handle()
#10 /var/www/warehouse.mohjss.so/vendor/laravel/framework/src/Illuminate/Container/Util.php(43): Illuminate\\Container\\BoundMethod::Illuminate\\Container\\{closure}()
#11 /var/www/warehouse.mohjss.so/vendor/laravel/framework/src/Illuminate/Container/BoundMethod.php(95): Illuminate\\Container\\Util::unwrapIfClosure()
#12 /var/www/warehouse.mohjss.so/vendor/laravel/framework/src/Illuminate/Container/BoundMethod.php(35): Illuminate\\Container\\BoundMethod::callBoundMethod()
#13 /var/www/warehouse.mohjss.so/vendor/laravel/framework/src/Illuminate/Container/Container.php(696): Illuminate\\Container\\BoundMethod::call()
#14 /var/www/warehouse.mohjss.so/vendor/laravel/framework/src/Illuminate/Console/Command.php(213): Illuminate\\Container\\Container->call()
#15 /var/www/warehouse.mohjss.so/vendor/symfony/console/Command/Command.php(279): Illuminate\\Console\\Command->execute()
#16 /var/www/warehouse.mohjss.so/vendor/laravel/framework/src/Illuminate/Console/Command.php(182): Symfony\\Component\\Console\\Command\\Command->run()
#17 /var/www/warehouse.mohjss.so/vendor/symfony/console/Application.php(1094): Illuminate\\Console\\Command->run()
#18 /var/www/warehouse.mohjss.so/vendor/symfony/console/Application.php(342): Symfony\\Component\\Console\\Application->doRunCommand()
#19 /var/www/warehouse.mohjss.so/vendor/symfony/console/Application.php(193): Symfony\\Component\\Console\\Application->doRun()
#20 /var/www/warehouse.mohjss.so/vendor/laravel/framework/src/Illuminate/Foundation/Console/Kernel.php(198): Symfony\\Component\\Console\\Application->run()
#21 /var/www/warehouse.mohjss.so/vendor/laravel/framework/src/Illuminate/Foundation/Application.php(1235): Illuminate\\Foundation\\Console\\Kernel->handle()
#22 /var/www/warehouse.mohjss.so/artisan(16): Illuminate\\Foundation\\Application->handleCommand()
#23 {main}

[previous exception] [object] (PDOException(code: 42S22): SQLSTATE[42S22]: Column not found: 1054 Unknown column 'asset_warranty_end' in 'where clause' at /var/www/warehouse.mohjss.so/vendor/laravel/framework/src/Illuminate/Database/Connection.php:407)
[stacktrace]
#0 /var/www/warehouse.mohjss.so/vendor/laravel/framework/src/Illuminate/Database/Connection.php(407): PDO->prepare()
#1 /var/www/warehouse.mohjss.so/vendor/laravel/framework/src/Illuminate/Database/Connection.php(812): Illuminate\\Database\\Connection->Illuminate\\Database\\{closure}()
#2 /var/www/warehouse.mohjss.so/vendor/laravel/framework/src/Illuminate/Database/Connection.php(779): Illuminate\\Database\\Connection->runQueryCallback()
#3 /var/www/warehouse.mohjss.so/vendor/laravel/framework/src/Illuminate/Database/Connection.php(398): Illuminate\\Database\\Connection->run()
#4 /var/www/warehouse.mohjss.so/vendor/laravel/framework/src/Illuminate/Database/Query/Builder.php(3106): Illuminate\\Database\\Connection->select()
#5 /var/www/warehouse.mohjss.so/vendor/laravel/framework/src/Illuminate/Database/Query/Builder.php(3091): Illuminate\\Database\\Query\\Builder->runSelect()
#6 /var/www/warehouse.mohjss.so/vendor/laravel/framework/src/Illuminate/Database/Query/Builder.php(3676): Illuminate\\Database\\Query\\Builder->Illuminate\\Database\\Query\\{closure}()
#7 /var/www/warehouse.mohjss.so/vendor/laravel/framework/src/Illuminate/Database/Query/Builder.php(3090): Illuminate\\Database\\Query\\Builder->onceWithColumns()
#8 /var/www/warehouse.mohjss.so/vendor/laravel/framework/src/Illuminate/Database/Eloquent/Builder.php(811): Illuminate\\Database\\Query\\Builder->get()
#9 /var/www/warehouse.mohjss.so/vendor/laravel/framework/src/Illuminate/Database/Eloquent/Builder.php(793): Illuminate\\Database\\Eloquent\\Builder->getModels()
#10 /var/www/warehouse.mohjss.so/app/Console/Commands/NotifyAssetWarrantyExpiring.php(24): Illuminate\\Database\\Eloquent\\Builder->get()
#11 /var/www/warehouse.mohjss.so/vendor/laravel/framework/src/Illuminate/Container/BoundMethod.php(36): App\\Console\\Commands\\NotifyAssetWarrantyExpiring->handle()
#12 /var/www/warehouse.mohjss.so/vendor/laravel/framework/src/Illuminate/Container/Util.php(43): Illuminate\\Container\\BoundMethod::Illuminate\\Container\\{closure}()
#13 /var/www/warehouse.mohjss.so/vendor/laravel/framework/src/Illuminate/Container/BoundMethod.php(95): Illuminate\\Container\\Util::unwrapIfClosure()
#14 /var/www/warehouse.mohjss.so/vendor/laravel/framework/src/Illuminate/Container/BoundMethod.php(35): Illuminate\\Container\\BoundMethod::callBoundMethod()
#15 /var/www/warehouse.mohjss.so/vendor/laravel/framework/src/Illuminate/Container/Container.php(696): Illuminate\\Container\\BoundMethod::call()
#16 /var/www/warehouse.mohjss.so/vendor/laravel/framework/src/Illuminate/Console/Command.php(213): Illuminate\\Container\\Container->call()
#17 /var/www/warehouse.mohjss.so/vendor/symfony/console/Command/Command.php(279): Illuminate\\Console\\Command->execute()
#18 /var/www/warehouse.mohjss.so/vendor/laravel/framework/src/Illuminate/Console/Command.php(182): Symfony\\Component\\Console\\Command\\Command->run()
#19 /var/www/warehouse.mohjss.so/vendor/symfony/console/Application.php(1094): Illuminate\\Console\\Command->run()
#20 /var/www/warehouse.mohjss.so/vendor/symfony/console/Application.php(342): Symfony\\Component\\Console\\Application->doRunCommand()
#21 /var/www/warehouse.mohjss.so/vendor/symfony/console/Application.php(193): Symfony\\Component\\Console\\Application->doRun()
#22 /var/www/warehouse.mohjss.so/vendor/laravel/framework/src/Illuminate/Foundation/Console/Kernel.php(198): Symfony\\Component\\Console\\Application->run()
#23 /var/www/warehouse.mohjss.so/vendor/laravel/framework/src/Illuminate/Foundation/Application.php(1235): Illuminate\\Foundation\\Console\\Kernel->handle()
#24 /var/www/warehouse.mohjss.so/artisan(16): Illuminate\\Foundation\\Application->handleCommand()
#25 {main}
"} 
[2026-03-23 01:10:02] production.ERROR: SQLSTATE[42S02]: Base table or view not found: 1146 Table 'mohjss_db.asset_maintenance' doesn't exist (Connection: mysql, SQL: select * from `asset_maintenance` where `maintenance_range` > 0 and `completed_date` is not null and `asset_maintenance`.`deleted_at` is null) {"exception":"[object] (Illuminate\\Database\\QueryException(code: 42S02): SQLSTATE[42S02]: Base table or view not found: 1146 Table 'mohjss_db.asset_maintenance' doesn't exist (Connection: mysql, SQL: select * from `asset_maintenance` where `maintenance_range` > 0 and `completed_date` is not null and `asset_maintenance`.`deleted_at` is null) at /var/www/warehouse.mohjss.so/vendor/laravel/framework/src/Illuminate/Database/Connection.php:825)
[stacktrace]
#0 /var/www/warehouse.mohjss.so/vendor/laravel/framework/src/Illuminate/Database/Connection.php(779): Illuminate\\Database\\Connection->runQueryCallback()
#1 /var/www/warehouse.mohjss.so/vendor/laravel/framework/src/Illuminate/Database/Connection.php(398): Illuminate\\Database\\Connection->run()
#2 /var/www/warehouse.mohjss.so/vendor/laravel/framework/src/Illuminate/Database/Query/Builder.php(3106): Illuminate\\Database\\Connection->select()
#3 /var/www/warehouse.mohjss.so/vendor/laravel/framework/src/Illuminate/Database/Query/Builder.php(3091): Illuminate\\Database\\Query\\Builder->runSelect()
#4 /var/www/warehouse.mohjss.so/vendor/laravel/framework/src/Illuminate/Database/Query/Builder.php(3676): Illuminate\\Database\\Query\\Builder->Illuminate\\Database\\Query\\{closure}()
#5 /var/www/warehouse.mohjss.so/vendor/laravel/framework/src/Illuminate/Database/Query/Builder.php(3090): Illuminate\\Database\\Query\\Builder->onceWithColumns()
#6 /var/www/warehouse.mohjss.so/vendor/laravel/framework/src/Illuminate/Database/Eloquent/Builder.php(811): Illuminate\\Database\\Query\\Builder->get()
#7 /var/www/warehouse.mohjss.so/vendor/laravel/framework/src/Illuminate/Database/Eloquent/Builder.php(793): Illuminate\\Database\\Eloquent\\Builder->getModels()
#8 /var/www/warehouse.mohjss.so/app/Console/Commands/GenerateMaintenanceSchedules.php(26): Illuminate\\Database\\Eloquent\\Builder->get()
#9 /var/www/warehouse.mohjss.so/vendor/laravel/framework/src/Illuminate/Container/BoundMethod.php(36): App\\Console\\Commands\\GenerateMaintenanceSchedules->handle()
#10 /var/www/warehouse.mohjss.so/vendor/laravel/framework/src/Illuminate/Container/Util.php(43): Illuminate\\Container\\BoundMethod::Illuminate\\Container\\{closure}()
#11 /var/www/warehouse.mohjss.so/vendor/laravel/framework/src/Illuminate/Container/BoundMethod.php(95): Illuminate\\Container\\Util::unwrapIfClosure()
#12 /var/www/warehouse.mohjss.so/vendor/laravel/framework/src/Illuminate/Container/BoundMethod.php(35): Illuminate\\Container\\BoundMethod::callBoundMethod()
#13 /var/www/warehouse.mohjss.so/vendor/laravel/framework/src/Illuminate/Container/Container.php(696): Illuminate\\Container\\BoundMethod::call()
#14 /var/www/warehouse.mohjss.so/vendor/laravel/framework/src/Illuminate/Console/Command.php(213): Illuminate\\Container\\Container->call()
#15 /var/www/warehouse.mohjss.so/vendor/symfony/console/Command/Command.php(279): Illuminate\\Console\\Command->execute()
#16 /var/www/warehouse.mohjss.so/vendor/laravel/framework/src/Illuminate/Console/Command.php(182): Symfony\\Component\\Console\\Command\\Command->run()
#17 /var/www/warehouse.mohjss.so/vendor/symfony/console/Application.php(1094): Illuminate\\Console\\Command->run()
#18 /var/www/warehouse.mohjss.so/vendor/symfony/console/Application.php(342): Symfony\\Component\\Console\\Application->doRunCommand()
#19 /var/www/warehouse.mohjss.so/vendor/symfony/console/Application.php(193): Symfony\\Component\\Console\\Application->doRun()
#20 /var/www/warehouse.mohjss.so/vendor/laravel/framework/src/Illuminate/Foundation/Console/Kernel.php(198): Symfony\\Component\\Console\\Application->run()
#21 /var/www/warehouse.mohjss.so/vendor/laravel/framework/src/Illuminate/Foundation/Application.php(1235): Illuminate\\Foundation\\Console\\Kernel->handle()
#22 /var/www/warehouse.mohjss.so/artisan(16): Illuminate\\Foundation\\Application->handleCommand()
#23 {main}

[previous exception] [object] (PDOException(code: 42S02): SQLSTATE[42S02]: Base table or view not found: 1146 Table 'mohjss_db.asset_maintenance' doesn't exist at /var/www/warehouse.mohjss.so/vendor/laravel/framework/src/Illuminate/Database/Connection.php:407)
[stacktrace]
#0 /var/www/warehouse.mohjss.so/vendor/laravel/framework/src/Illuminate/Database/Connection.php(407): PDO->prepare()
#1 /var/www/warehouse.mohjss.so/vendor/laravel/framework/src/Illuminate/Database/Connection.php(812): Illuminate\\Database\\Connection->Illuminate\\Database\\{closure}()
#2 /var/www/warehouse.mohjss.so/vendor/laravel/framework/src/Illuminate/Database/Connection.php(779): Illuminate\\Database\\Connection->runQueryCallback()
#3 /var/www/warehouse.mohjss.so/vendor/laravel/framework/src/Illuminate/Database/Connection.php(398): Illuminate\\Database\\Connection->run()
#4 /var/www/warehouse.mohjss.so/vendor/laravel/framework/src/Illuminate/Database/Query/Builder.php(3106): Illuminate\\Database\\Connection->select()
#5 /var/www/warehouse.mohjss.so/vendor/laravel/framework/src/Illuminate/Database/Query/Builder.php(3091): Illuminate\\Database\\Query\\Builder->runSelect()
#6 /var/www/warehouse.mohjss.so/vendor/laravel/framework/src/Illuminate/Database/Query/Builder.php(3676): Illuminate\\Database\\Query\\Builder->Illuminate\\Database\\Query\\{closure}()
#7 /var/www/warehouse.mohjss.so/vendor/laravel/framework/src/Illuminate/Database/Query/Builder.php(3090): Illuminate\\Database\\Query\\Builder->onceWithColumns()
#8 /var/www/warehouse.mohjss.so/vendor/laravel/framework/src/Illuminate/Database/Eloquent/Builder.php(811): Illuminate\\Database\\Query\\Builder->get()
#9 /var/www/warehouse.mohjss.so/vendor/laravel/framework/src/Illuminate/Database/Eloquent/Builder.php(793): Illuminate\\Database\\Eloquent\\Builder->getModels()
#10 /var/www/warehouse.mohjss.so/app/Console/Commands/GenerateMaintenanceSchedules.php(26): Illuminate\\Database\\Eloquent\\Builder->get()
#11 /var/www/warehouse.mohjss.so/vendor/laravel/framework/src/Illuminate/Container/BoundMethod.php(36): App\\Console\\Commands\\GenerateMaintenanceSchedules->handle()
#12 /var/www/warehouse.mohjss.so/vendor/laravel/framework/src/Illuminate/Container/Util.php(43): Illuminate\\Container\\BoundMethod::Illuminate\\Container\\{closure}()
#13 /var/www/warehouse.mohjss.so/vendor/laravel/framework/src/Illuminate/Container/BoundMethod.php(95): Illuminate\\Container\\Util::unwrapIfClosure()
#14 /var/www/warehouse.mohjss.so/vendor/laravel/framework/src/Illuminate/Container/BoundMethod.php(35): Illuminate\\Container\\BoundMethod::callBoundMethod()
#15 /var/www/warehouse.mohjss.so/vendor/laravel/framework/src/Illuminate/Container/Container.php(696): Illuminate\\Container\\BoundMethod::call()
#16 /var/www/warehouse.mohjss.so/vendor/laravel/framework/src/Illuminate/Console/Command.php(213): Illuminate\\Container\\Container->call()
#17 /var/www/warehouse.mohjss.so/vendor/symfony/console/Command/Command.php(279): Illuminate\\Console\\Command->execute()
#18 /var/www/warehouse.mohjss.so/vendor/laravel/framework/src/Illuminate/Console/Command.php(182): Symfony\\Component\\Console\\Command\\Command->run()
#19 /var/www/warehouse.mohjss.so/vendor/symfony/console/Application.php(1094): Illuminate\\Console\\Command->run()
#20 /var/www/warehouse.mohjss.so/vendor/symfony/console/Application.php(342): Symfony\\Component\\Console\\Application->doRunCommand()
#21 /var/www/warehouse.mohjss.so/vendor/symfony/console/Application.php(193): Symfony\\Component\\Console\\Application->doRun()
#22 /var/www/warehouse.mohjss.so/vendor/laravel/framework/src/Illuminate/Foundation/Console/Kernel.php(198): Symfony\\Component\\Console\\Application->run()
#23 /var/www/warehouse.mohjss.so/vendor/laravel/framework/src/Illuminate/Foundation/Application.php(1235): Illuminate\\Foundation\\Console\\Kernel->handle()
#24 /var/www/warehouse.mohjss.so/artisan(16): Illuminate\\Foundation\\Application->handleCommand()
#25 {main}
"} 
[2026-03-23 14:58:02] production.INFO: Expiry notification running: sending at configured time. {"send_time":"14:58","app_timezone":"Africa/Mogadishu"} 
[2026-03-23 14:58:03] production.INFO: Expiry notification sent. {"to":"abdirahman.buryar@gmail.com"} 
[2026-03-23 14:58:03] production.INFO: Expiry notification sent. {"to":"hagaajiyeapp@gmail.com"} 
[2026-03-23 14:58:03] production.INFO: Expiry notification sent. {"to":"gambool212@gmail.com"} 
[2026-03-23 14:58:03] production.INFO: Expiry notification sent. {"to":"aquatrack.somalia@gmail.com"} 
[2026-03-23 14:58:03] production.INFO: Expiry notification sent. {"to":"f.bilaal0007@gmail.com"} 
[2026-03-23 14:58:03] production.INFO: Expiry notification sent. {"to":"sinujiifhcsupply@gmail.com"} 
[2026-03-23 14:58:03] production.INFO: Expiry notifications completed. {"recipients":6} 
[2026-03-23 15:55:02] production.INFO: Reorder level notification running: sending at configured time. {"send_time":"15:55","current_time":"15:55"} 
[2026-03-23 15:55:04] production.INFO: Reorder level notification sent. {"to":"abdirahman.buryar@gmail.com"} 
[2026-03-23 15:55:04] production.INFO: Reorder level notification sent. {"to":"hagaajiyeapp@gmail.com"} 
[2026-03-23 15:55:05] production.INFO: Reorder level notification sent. {"to":"gambool212@gmail.com"} 
[2026-03-23 15:55:05] production.INFO: Reorder level notification sent. {"to":"aquatrack.somalia@gmail.com"} 
[2026-03-23 15:55:06] production.INFO: Reorder level notification sent. {"to":"f.bilaal0007@gmail.com"} 
[2026-03-23 15:55:06] production.INFO: Reorder level notification sent. {"to":"sinujiifhcsupply@gmail.com"} 
[2026-03-23 15:55:06] production.INFO: Reorder level notifications completed. {"recipients":6} 
[2026-03-24 00:00:05] production.ERROR: SQLSTATE[42S22]: Column not found: 1054 Unknown column 'asset_warranty_end' in 'where clause' (Connection: mysql, SQL: select * from `assets` where `asset_warranty_end` is not null and date(`asset_warranty_end`) > 2026-03-24 and date(`asset_warranty_end`) <= 2026-04-23 and `assets`.`deleted_at` is null) {"exception":"[object] (Illuminate\\Database\\QueryException(code: 42S22): SQLSTATE[42S22]: Column not found: 1054 Unknown column 'asset_warranty_end' in 'where clause' (Connection: mysql, SQL: select * from `assets` where `asset_warranty_end` is not null and date(`asset_warranty_end`) > 2026-03-24 and date(`asset_warranty_end`) <= 2026-04-23 and `assets`.`deleted_at` is null) at /var/www/warehouse.mohjss.so/vendor/laravel/framework/src/Illuminate/Database/Connection.php:825)
[stacktrace]
#0 /var/www/warehouse.mohjss.so/vendor/laravel/framework/src/Illuminate/Database/Connection.php(779): Illuminate\\Database\\Connection->runQueryCallback()
#1 /var/www/warehouse.mohjss.so/vendor/laravel/framework/src/Illuminate/Database/Connection.php(398): Illuminate\\Database\\Connection->run()
#2 /var/www/warehouse.mohjss.so/vendor/laravel/framework/src/Illuminate/Database/Query/Builder.php(3106): Illuminate\\Database\\Connection->select()
#3 /var/www/warehouse.mohjss.so/vendor/laravel/framework/src/Illuminate/Database/Query/Builder.php(3091): Illuminate\\Database\\Query\\Builder->runSelect()
#4 /var/www/warehouse.mohjss.so/vendor/laravel/framework/src/Illuminate/Database/Query/Builder.php(3676): Illuminate\\Database\\Query\\Builder->Illuminate\\Database\\Query\\{closure}()
#5 /var/www/warehouse.mohjss.so/vendor/laravel/framework/src/Illuminate/Database/Query/Builder.php(3090): Illuminate\\Database\\Query\\Builder->onceWithColumns()
#6 /var/www/warehouse.mohjss.so/vendor/laravel/framework/src/Illuminate/Database/Eloquent/Builder.php(811): Illuminate\\Database\\Query\\Builder->get()
#7 /var/www/warehouse.mohjss.so/vendor/laravel/framework/src/Illuminate/Database/Eloquent/Builder.php(793): Illuminate\\Database\\Eloquent\\Builder->getModels()
#8 /var/www/warehouse.mohjss.so/app/Console/Commands/NotifyAssetWarrantyExpiring.php(24): Illuminate\\Database\\Eloquent\\Builder->get()
#9 /var/www/warehouse.mohjss.so/vendor/laravel/framework/src/Illuminate/Container/BoundMethod.php(36): App\\Console\\Commands\\NotifyAssetWarrantyExpiring->handle()
#10 /var/www/warehouse.mohjss.so/vendor/laravel/framework/src/Illuminate/Container/Util.php(43): Illuminate\\Container\\BoundMethod::Illuminate\\Container\\{closure}()
#11 /var/www/warehouse.mohjss.so/vendor/laravel/framework/src/Illuminate/Container/BoundMethod.php(95): Illuminate\\Container\\Util::unwrapIfClosure()
#12 /var/www/warehouse.mohjss.so/vendor/laravel/framework/src/Illuminate/Container/BoundMethod.php(35): Illuminate\\Container\\BoundMethod::callBoundMethod()
#13 /var/www/warehouse.mohjss.so/vendor/laravel/framework/src/Illuminate/Container/Container.php(696): Illuminate\\Container\\BoundMethod::call()
#14 /var/www/warehouse.mohjss.so/vendor/laravel/framework/src/Illuminate/Console/Command.php(213): Illuminate\\Container\\Container->call()
#15 /var/www/warehouse.mohjss.so/vendor/symfony/console/Command/Command.php(279): Illuminate\\Console\\Command->execute()
#16 /var/www/warehouse.mohjss.so/vendor/laravel/framework/src/Illuminate/Console/Command.php(182): Symfony\\Component\\Console\\Command\\Command->run()
#17 /var/www/warehouse.mohjss.so/vendor/symfony/console/Application.php(1094): Illuminate\\Console\\Command->run()
#18 /var/www/warehouse.mohjss.so/vendor/symfony/console/Application.php(342): Symfony\\Component\\Console\\Application->doRunCommand()
#19 /var/www/warehouse.mohjss.so/vendor/symfony/console/Application.php(193): Symfony\\Component\\Console\\Application->doRun()
#20 /var/www/warehouse.mohjss.so/vendor/laravel/framework/src/Illuminate/Foundation/Console/Kernel.php(198): Symfony\\Component\\Console\\Application->run()
#21 /var/www/warehouse.mohjss.so/vendor/laravel/framework/src/Illuminate/Foundation/Application.php(1235): Illuminate\\Foundation\\Console\\Kernel->handle()
#22 /var/www/warehouse.mohjss.so/artisan(16): Illuminate\\Foundation\\Application->handleCommand()
#23 {main}

[previous exception] [object] (PDOException(code: 42S22): SQLSTATE[42S22]: Column not found: 1054 Unknown column 'asset_warranty_end' in 'where clause' at /var/www/warehouse.mohjss.so/vendor/laravel/framework/src/Illuminate/Database/Connection.php:407)
[stacktrace]
#0 /var/www/warehouse.mohjss.so/vendor/laravel/framework/src/Illuminate/Database/Connection.php(407): PDO->prepare()
#1 /var/www/warehouse.mohjss.so/vendor/laravel/framework/src/Illuminate/Database/Connection.php(812): Illuminate\\Database\\Connection->Illuminate\\Database\\{closure}()
#2 /var/www/warehouse.mohjss.so/vendor/laravel/framework/src/Illuminate/Database/Connection.php(779): Illuminate\\Database\\Connection->runQueryCallback()
#3 /var/www/warehouse.mohjss.so/vendor/laravel/framework/src/Illuminate/Database/Connection.php(398): Illuminate\\Database\\Connection->run()
#4 /var/www/warehouse.mohjss.so/vendor/laravel/framework/src/Illuminate/Database/Query/Builder.php(3106): Illuminate\\Database\\Connection->select()
#5 /var/www/warehouse.mohjss.so/vendor/laravel/framework/src/Illuminate/Database/Query/Builder.php(3091): Illuminate\\Database\\Query\\Builder->runSelect()
#6 /var/www/warehouse.mohjss.so/vendor/laravel/framework/src/Illuminate/Database/Query/Builder.php(3676): Illuminate\\Database\\Query\\Builder->Illuminate\\Database\\Query\\{closure}()
#7 /var/www/warehouse.mohjss.so/vendor/laravel/framework/src/Illuminate/Database/Query/Builder.php(3090): Illuminate\\Database\\Query\\Builder->onceWithColumns()
#8 /var/www/warehouse.mohjss.so/vendor/laravel/framework/src/Illuminate/Database/Eloquent/Builder.php(811): Illuminate\\Database\\Query\\Builder->get()
#9 /var/www/warehouse.mohjss.so/vendor/laravel/framework/src/Illuminate/Database/Eloquent/Builder.php(793): Illuminate\\Database\\Eloquent\\Builder->getModels()
#10 /var/www/warehouse.mohjss.so/app/Console/Commands/NotifyAssetWarrantyExpiring.php(24): Illuminate\\Database\\Eloquent\\Builder->get()
#11 /var/www/warehouse.mohjss.so/vendor/laravel/framework/src/Illuminate/Container/BoundMethod.php(36): App\\Console\\Commands\\NotifyAssetWarrantyExpiring->handle()
#12 /var/www/warehouse.mohjss.so/vendor/laravel/framework/src/Illuminate/Container/Util.php(43): Illuminate\\Container\\BoundMethod::Illuminate\\Container\\{closure}()
#13 /var/www/warehouse.mohjss.so/vendor/laravel/framework/src/Illuminate/Container/BoundMethod.php(95): Illuminate\\Container\\Util::unwrapIfClosure()
#14 /var/www/warehouse.mohjss.so/vendor/laravel/framework/src/Illuminate/Container/BoundMethod.php(35): Illuminate\\Container\\BoundMethod::callBoundMethod()
#15 /var/www/warehouse.mohjss.so/vendor/laravel/framework/src/Illuminate/Container/Container.php(696): Illuminate\\Container\\BoundMethod::call()
#16 /var/www/warehouse.mohjss.so/vendor/laravel/framework/src/Illuminate/Console/Command.php(213): Illuminate\\Container\\Container->call()
#17 /var/www/warehouse.mohjss.so/vendor/symfony/console/Command/Command.php(279): Illuminate\\Console\\Command->execute()
#18 /var/www/warehouse.mohjss.so/vendor/laravel/framework/src/Illuminate/Console/Command.php(182): Symfony\\Component\\Console\\Command\\Command->run()
#19 /var/www/warehouse.mohjss.so/vendor/symfony/console/Application.php(1094): Illuminate\\Console\\Command->run()
#20 /var/www/warehouse.mohjss.so/vendor/symfony/console/Application.php(342): Symfony\\Component\\Console\\Application->doRunCommand()
#21 /var/www/warehouse.mohjss.so/vendor/symfony/console/Application.php(193): Symfony\\Component\\Console\\Application->doRun()
#22 /var/www/warehouse.mohjss.so/vendor/laravel/framework/src/Illuminate/Foundation/Console/Kernel.php(198): Symfony\\Component\\Console\\Application->run()
#23 /var/www/warehouse.mohjss.so/vendor/laravel/framework/src/Illuminate/Foundation/Application.php(1235): Illuminate\\Foundation\\Console\\Kernel->handle()
#24 /var/www/warehouse.mohjss.so/artisan(16): Illuminate\\Foundation\\Application->handleCommand()
#25 {main}
"} 
[2026-03-24 01:10:02] production.ERROR: SQLSTATE[42S02]: Base table or view not found: 1146 Table 'mohjss_db.asset_maintenance' doesn't exist (Connection: mysql, SQL: select * from `asset_maintenance` where `maintenance_range` > 0 and `completed_date` is not null and `asset_maintenance`.`deleted_at` is null) {"exception":"[object] (Illuminate\\Database\\QueryException(code: 42S02): SQLSTATE[42S02]: Base table or view not found: 1146 Table 'mohjss_db.asset_maintenance' doesn't exist (Connection: mysql, SQL: select * from `asset_maintenance` where `maintenance_range` > 0 and `completed_date` is not null and `asset_maintenance`.`deleted_at` is null) at /var/www/warehouse.mohjss.so/vendor/laravel/framework/src/Illuminate/Database/Connection.php:825)
[stacktrace]
#0 /var/www/warehouse.mohjss.so/vendor/laravel/framework/src/Illuminate/Database/Connection.php(779): Illuminate\\Database\\Connection->runQueryCallback()
#1 /var/www/warehouse.mohjss.so/vendor/laravel/framework/src/Illuminate/Database/Connection.php(398): Illuminate\\Database\\Connection->run()
#2 /var/www/warehouse.mohjss.so/vendor/laravel/framework/src/Illuminate/Database/Query/Builder.php(3106): Illuminate\\Database\\Connection->select()
#3 /var/www/warehouse.mohjss.so/vendor/laravel/framework/src/Illuminate/Database/Query/Builder.php(3091): Illuminate\\Database\\Query\\Builder->runSelect()
#4 /var/www/warehouse.mohjss.so/vendor/laravel/framework/src/Illuminate/Database/Query/Builder.php(3676): Illuminate\\Database\\Query\\Builder->Illuminate\\Database\\Query\\{closure}()
#5 /var/www/warehouse.mohjss.so/vendor/laravel/framework/src/Illuminate/Database/Query/Builder.php(3090): Illuminate\\Database\\Query\\Builder->onceWithColumns()
#6 /var/www/warehouse.mohjss.so/vendor/laravel/framework/src/Illuminate/Database/Eloquent/Builder.php(811): Illuminate\\Database\\Query\\Builder->get()
#7 /var/www/warehouse.mohjss.so/vendor/laravel/framework/src/Illuminate/Database/Eloquent/Builder.php(793): Illuminate\\Database\\Eloquent\\Builder->getModels()
#8 /var/www/warehouse.mohjss.so/app/Console/Commands/GenerateMaintenanceSchedules.php(26): Illuminate\\Database\\Eloquent\\Builder->get()
#9 /var/www/warehouse.mohjss.so/vendor/laravel/framework/src/Illuminate/Container/BoundMethod.php(36): App\\Console\\Commands\\GenerateMaintenanceSchedules->handle()
#10 /var/www/warehouse.mohjss.so/vendor/laravel/framework/src/Illuminate/Container/Util.php(43): Illuminate\\Container\\BoundMethod::Illuminate\\Container\\{closure}()
#11 /var/www/warehouse.mohjss.so/vendor/laravel/framework/src/Illuminate/Container/BoundMethod.php(95): Illuminate\\Container\\Util::unwrapIfClosure()
#12 /var/www/warehouse.mohjss.so/vendor/laravel/framework/src/Illuminate/Container/BoundMethod.php(35): Illuminate\\Container\\BoundMethod::callBoundMethod()
#13 /var/www/warehouse.mohjss.so/vendor/laravel/framework/src/Illuminate/Container/Container.php(696): Illuminate\\Container\\BoundMethod::call()
#14 /var/www/warehouse.mohjss.so/vendor/laravel/framework/src/Illuminate/Console/Command.php(213): Illuminate\\Container\\Container->call()
#15 /var/www/warehouse.mohjss.so/vendor/symfony/console/Command/Command.php(279): Illuminate\\Console\\Command->execute()
#16 /var/www/warehouse.mohjss.so/vendor/laravel/framework/src/Illuminate/Console/Command.php(182): Symfony\\Component\\Console\\Command\\Command->run()
#17 /var/www/warehouse.mohjss.so/vendor/symfony/console/Application.php(1094): Illuminate\\Console\\Command->run()
#18 /var/www/warehouse.mohjss.so/vendor/symfony/console/Application.php(342): Symfony\\Component\\Console\\Application->doRunCommand()
#19 /var/www/warehouse.mohjss.so/vendor/symfony/console/Application.php(193): Symfony\\Component\\Console\\Application->doRun()
#20 /var/www/warehouse.mohjss.so/vendor/laravel/framework/src/Illuminate/Foundation/Console/Kernel.php(198): Symfony\\Component\\Console\\Application->run()
#21 /var/www/warehouse.mohjss.so/vendor/laravel/framework/src/Illuminate/Foundation/Application.php(1235): Illuminate\\Foundation\\Console\\Kernel->handle()
#22 /var/www/warehouse.mohjss.so/artisan(16): Illuminate\\Foundation\\Application->handleCommand()
#23 {main}

[previous exception] [object] (PDOException(code: 42S02): SQLSTATE[42S02]: Base table or view not found: 1146 Table 'mohjss_db.asset_maintenance' doesn't exist at /var/www/warehouse.mohjss.so/vendor/laravel/framework/src/Illuminate/Database/Connection.php:407)
[stacktrace]
#0 /var/www/warehouse.mohjss.so/vendor/laravel/framework/src/Illuminate/Database/Connection.php(407): PDO->prepare()
#1 /var/www/warehouse.mohjss.so/vendor/laravel/framework/src/Illuminate/Database/Connection.php(812): Illuminate\\Database\\Connection->Illuminate\\Database\\{closure}()
#2 /var/www/warehouse.mohjss.so/vendor/laravel/framework/src/Illuminate/Database/Connection.php(779): Illuminate\\Database\\Connection->runQueryCallback()
#3 /var/www/warehouse.mohjss.so/vendor/laravel/framework/src/Illuminate/Database/Connection.php(398): Illuminate\\Database\\Connection->run()
#4 /var/www/warehouse.mohjss.so/vendor/laravel/framework/src/Illuminate/Database/Query/Builder.php(3106): Illuminate\\Database\\Connection->select()
#5 /var/www/warehouse.mohjss.so/vendor/laravel/framework/src/Illuminate/Database/Query/Builder.php(3091): Illuminate\\Database\\Query\\Builder->runSelect()
#6 /var/www/warehouse.mohjss.so/vendor/laravel/framework/src/Illuminate/Database/Query/Builder.php(3676): Illuminate\\Database\\Query\\Builder->Illuminate\\Database\\Query\\{closure}()
#7 /var/www/warehouse.mohjss.so/vendor/laravel/framework/src/Illuminate/Database/Query/Builder.php(3090): Illuminate\\Database\\Query\\Builder->onceWithColumns()
#8 /var/www/warehouse.mohjss.so/vendor/laravel/framework/src/Illuminate/Database/Eloquent/Builder.php(811): Illuminate\\Database\\Query\\Builder->get()
#9 /var/www/warehouse.mohjss.so/vendor/laravel/framework/src/Illuminate/Database/Eloquent/Builder.php(793): Illuminate\\Database\\Eloquent\\Builder->getModels()
#10 /var/www/warehouse.mohjss.so/app/Console/Commands/GenerateMaintenanceSchedules.php(26): Illuminate\\Database\\Eloquent\\Builder->get()
#11 /var/www/warehouse.mohjss.so/vendor/laravel/framework/src/Illuminate/Container/BoundMethod.php(36): App\\Console\\Commands\\GenerateMaintenanceSchedules->handle()
#12 /var/www/warehouse.mohjss.so/vendor/laravel/framework/src/Illuminate/Container/Util.php(43): Illuminate\\Container\\BoundMethod::Illuminate\\Container\\{closure}()
#13 /var/www/warehouse.mohjss.so/vendor/laravel/framework/src/Illuminate/Container/BoundMethod.php(95): Illuminate\\Container\\Util::unwrapIfClosure()
#14 /var/www/warehouse.mohjss.so/vendor/laravel/framework/src/Illuminate/Container/BoundMethod.php(35): Illuminate\\Container\\BoundMethod::callBoundMethod()
#15 /var/www/warehouse.mohjss.so/vendor/laravel/framework/src/Illuminate/Container/Container.php(696): Illuminate\\Container\\BoundMethod::call()
#16 /var/www/warehouse.mohjss.so/vendor/laravel/framework/src/Illuminate/Console/Command.php(213): Illuminate\\Container\\Container->call()
#17 /var/www/warehouse.mohjss.so/vendor/symfony/console/Command/Command.php(279): Illuminate\\Console\\Command->execute()
#18 /var/www/warehouse.mohjss.so/vendor/laravel/framework/src/Illuminate/Console/Command.php(182): Symfony\\Component\\Console\\Command\\Command->run()
#19 /var/www/warehouse.mohjss.so/vendor/symfony/console/Application.php(1094): Illuminate\\Console\\Command->run()
#20 /var/www/warehouse.mohjss.so/vendor/symfony/console/Application.php(342): Symfony\\Component\\Console\\Application->doRunCommand()
#21 /var/www/warehouse.mohjss.so/vendor/symfony/console/Application.php(193): Symfony\\Component\\Console\\Application->doRun()
#22 /var/www/warehouse.mohjss.so/vendor/laravel/framework/src/Illuminate/Foundation/Console/Kernel.php(198): Symfony\\Component\\Console\\Application->run()
#23 /var/www/warehouse.mohjss.so/vendor/laravel/framework/src/Illuminate/Foundation/Application.php(1235): Illuminate\\Foundation\\Console\\Kernel->handle()
#24 /var/www/warehouse.mohjss.so/artisan(16): Illuminate\\Foundation\\Application->handleCommand()
#25 {main}
"} 
[2026-03-24 14:58:02] production.INFO: Expiry notification running: sending at configured time. {"send_time":"14:58","app_timezone":"Africa/Mogadishu"} 
[2026-03-24 14:58:03] production.INFO: Expiry notification sent. {"to":"abdirahman.buryar@gmail.com"} 
[2026-03-24 14:58:03] production.INFO: Expiry notification sent. {"to":"hagaajiyeapp@gmail.com"} 
[2026-03-24 14:58:03] production.INFO: Expiry notification sent. {"to":"gambool212@gmail.com"} 
[2026-03-24 14:58:03] production.INFO: Expiry notification sent. {"to":"aquatrack.somalia@gmail.com"} 
[2026-03-24 14:58:03] production.INFO: Expiry notification sent. {"to":"f.bilaal0007@gmail.com"} 
[2026-03-24 14:58:03] production.INFO: Expiry notification sent. {"to":"sinujiifhcsupply@gmail.com"} 
[2026-03-24 14:58:03] production.INFO: Expiry notifications completed. {"recipients":6} 
[2026-03-24 15:55:02] production.INFO: Reorder level notification running: sending at configured time. {"send_time":"15:55","current_time":"15:55"} 
[2026-03-24 15:55:04] production.INFO: Reorder level notification sent. {"to":"abdirahman.buryar@gmail.com"} 
[2026-03-24 15:55:04] production.INFO: Reorder level notification sent. {"to":"hagaajiyeapp@gmail.com"} 
[2026-03-24 15:55:05] production.INFO: Reorder level notification sent. {"to":"gambool212@gmail.com"} 
[2026-03-24 15:55:06] production.INFO: Reorder level notification sent. {"to":"aquatrack.somalia@gmail.com"} 
[2026-03-24 15:55:06] production.INFO: Reorder level notification sent. {"to":"f.bilaal0007@gmail.com"} 
[2026-03-24 15:55:07] production.INFO: Reorder level notification sent. {"to":"sinujiifhcsupply@gmail.com"} 
[2026-03-24 15:55:07] production.INFO: Reorder level notifications completed. {"recipients":6} 
[2026-03-25 00:00:03] production.ERROR: SQLSTATE[42S22]: Column not found: 1054 Unknown column 'asset_warranty_end' in 'where clause' (Connection: mysql, SQL: select * from `assets` where `asset_warranty_end` is not null and date(`asset_warranty_end`) > 2026-03-25 and date(`asset_warranty_end`) <= 2026-04-24 and `assets`.`deleted_at` is null) {"exception":"[object] (Illuminate\\Database\\QueryException(code: 42S22): SQLSTATE[42S22]: Column not found: 1054 Unknown column 'asset_warranty_end' in 'where clause' (Connection: mysql, SQL: select * from `assets` where `asset_warranty_end` is not null and date(`asset_warranty_end`) > 2026-03-25 and date(`asset_warranty_end`) <= 2026-04-24 and `assets`.`deleted_at` is null) at /var/www/warehouse.mohjss.so/vendor/laravel/framework/src/Illuminate/Database/Connection.php:825)
[stacktrace]
#0 /var/www/warehouse.mohjss.so/vendor/laravel/framework/src/Illuminate/Database/Connection.php(779): Illuminate\\Database\\Connection->runQueryCallback()
#1 /var/www/warehouse.mohjss.so/vendor/laravel/framework/src/Illuminate/Database/Connection.php(398): Illuminate\\Database\\Connection->run()
#2 /var/www/warehouse.mohjss.so/vendor/laravel/framework/src/Illuminate/Database/Query/Builder.php(3106): Illuminate\\Database\\Connection->select()
#3 /var/www/warehouse.mohjss.so/vendor/laravel/framework/src/Illuminate/Database/Query/Builder.php(3091): Illuminate\\Database\\Query\\Builder->runSelect()
#4 /var/www/warehouse.mohjss.so/vendor/laravel/framework/src/Illuminate/Database/Query/Builder.php(3676): Illuminate\\Database\\Query\\Builder->Illuminate\\Database\\Query\\{closure}()
#5 /var/www/warehouse.mohjss.so/vendor/laravel/framework/src/Illuminate/Database/Query/Builder.php(3090): Illuminate\\Database\\Query\\Builder->onceWithColumns()
#6 /var/www/warehouse.mohjss.so/vendor/laravel/framework/src/Illuminate/Database/Eloquent/Builder.php(811): Illuminate\\Database\\Query\\Builder->get()
#7 /var/www/warehouse.mohjss.so/vendor/laravel/framework/src/Illuminate/Database/Eloquent/Builder.php(793): Illuminate\\Database\\Eloquent\\Builder->getModels()
#8 /var/www/warehouse.mohjss.so/app/Console/Commands/NotifyAssetWarrantyExpiring.php(24): Illuminate\\Database\\Eloquent\\Builder->get()
#9 /var/www/warehouse.mohjss.so/vendor/laravel/framework/src/Illuminate/Container/BoundMethod.php(36): App\\Console\\Commands\\NotifyAssetWarrantyExpiring->handle()
#10 /var/www/warehouse.mohjss.so/vendor/laravel/framework/src/Illuminate/Container/Util.php(43): Illuminate\\Container\\BoundMethod::Illuminate\\Container\\{closure}()
#11 /var/www/warehouse.mohjss.so/vendor/laravel/framework/src/Illuminate/Container/BoundMethod.php(95): Illuminate\\Container\\Util::unwrapIfClosure()
#12 /var/www/warehouse.mohjss.so/vendor/laravel/framework/src/Illuminate/Container/BoundMethod.php(35): Illuminate\\Container\\BoundMethod::callBoundMethod()
#13 /var/www/warehouse.mohjss.so/vendor/laravel/framework/src/Illuminate/Container/Container.php(696): Illuminate\\Container\\BoundMethod::call()
#14 /var/www/warehouse.mohjss.so/vendor/laravel/framework/src/Illuminate/Console/Command.php(213): Illuminate\\Container\\Container->call()
#15 /var/www/warehouse.mohjss.so/vendor/symfony/console/Command/Command.php(279): Illuminate\\Console\\Command->execute()
#16 /var/www/warehouse.mohjss.so/vendor/laravel/framework/src/Illuminate/Console/Command.php(182): Symfony\\Component\\Console\\Command\\Command->run()
#17 /var/www/warehouse.mohjss.so/vendor/symfony/console/Application.php(1094): Illuminate\\Console\\Command->run()
#18 /var/www/warehouse.mohjss.so/vendor/symfony/console/Application.php(342): Symfony\\Component\\Console\\Application->doRunCommand()
#19 /var/www/warehouse.mohjss.so/vendor/symfony/console/Application.php(193): Symfony\\Component\\Console\\Application->doRun()
#20 /var/www/warehouse.mohjss.so/vendor/laravel/framework/src/Illuminate/Foundation/Console/Kernel.php(198): Symfony\\Component\\Console\\Application->run()
#21 /var/www/warehouse.mohjss.so/vendor/laravel/framework/src/Illuminate/Foundation/Application.php(1235): Illuminate\\Foundation\\Console\\Kernel->handle()
#22 /var/www/warehouse.mohjss.so/artisan(16): Illuminate\\Foundation\\Application->handleCommand()
#23 {main}

[previous exception] [object] (PDOException(code: 42S22): SQLSTATE[42S22]: Column not found: 1054 Unknown column 'asset_warranty_end' in 'where clause' at /var/www/warehouse.mohjss.so/vendor/laravel/framework/src/Illuminate/Database/Connection.php:407)
[stacktrace]
#0 /var/www/warehouse.mohjss.so/vendor/laravel/framework/src/Illuminate/Database/Connection.php(407): PDO->prepare()
#1 /var/www/warehouse.mohjss.so/vendor/laravel/framework/src/Illuminate/Database/Connection.php(812): Illuminate\\Database\\Connection->Illuminate\\Database\\{closure}()
#2 /var/www/warehouse.mohjss.so/vendor/laravel/framework/src/Illuminate/Database/Connection.php(779): Illuminate\\Database\\Connection->runQueryCallback()
#3 /var/www/warehouse.mohjss.so/vendor/laravel/framework/src/Illuminate/Database/Connection.php(398): Illuminate\\Database\\Connection->run()
#4 /var/www/warehouse.mohjss.so/vendor/laravel/framework/src/Illuminate/Database/Query/Builder.php(3106): Illuminate\\Database\\Connection->select()
#5 /var/www/warehouse.mohjss.so/vendor/laravel/framework/src/Illuminate/Database/Query/Builder.php(3091): Illuminate\\Database\\Query\\Builder->runSelect()
#6 /var/www/warehouse.mohjss.so/vendor/laravel/framework/src/Illuminate/Database/Query/Builder.php(3676): Illuminate\\Database\\Query\\Builder->Illuminate\\Database\\Query\\{closure}()
#7 /var/www/warehouse.mohjss.so/vendor/laravel/framework/src/Illuminate/Database/Query/Builder.php(3090): Illuminate\\Database\\Query\\Builder->onceWithColumns()
#8 /var/www/warehouse.mohjss.so/vendor/laravel/framework/src/Illuminate/Database/Eloquent/Builder.php(811): Illuminate\\Database\\Query\\Builder->get()
#9 /var/www/warehouse.mohjss.so/vendor/laravel/framework/src/Illuminate/Database/Eloquent/Builder.php(793): Illuminate\\Database\\Eloquent\\Builder->getModels()
#10 /var/www/warehouse.mohjss.so/app/Console/Commands/NotifyAssetWarrantyExpiring.php(24): Illuminate\\Database\\Eloquent\\Builder->get()
#11 /var/www/warehouse.mohjss.so/vendor/laravel/framework/src/Illuminate/Container/BoundMethod.php(36): App\\Console\\Commands\\NotifyAssetWarrantyExpiring->handle()
#12 /var/www/warehouse.mohjss.so/vendor/laravel/framework/src/Illuminate/Container/Util.php(43): Illuminate\\Container\\BoundMethod::Illuminate\\Container\\{closure}()
#13 /var/www/warehouse.mohjss.so/vendor/laravel/framework/src/Illuminate/Container/BoundMethod.php(95): Illuminate\\Container\\Util::unwrapIfClosure()
#14 /var/www/warehouse.mohjss.so/vendor/laravel/framework/src/Illuminate/Container/BoundMethod.php(35): Illuminate\\Container\\BoundMethod::callBoundMethod()
#15 /var/www/warehouse.mohjss.so/vendor/laravel/framework/src/Illuminate/Container/Container.php(696): Illuminate\\Container\\BoundMethod::call()
#16 /var/www/warehouse.mohjss.so/vendor/laravel/framework/src/Illuminate/Console/Command.php(213): Illuminate\\Container\\Container->call()
#17 /var/www/warehouse.mohjss.so/vendor/symfony/console/Command/Command.php(279): Illuminate\\Console\\Command->execute()
#18 /var/www/warehouse.mohjss.so/vendor/laravel/framework/src/Illuminate/Console/Command.php(182): Symfony\\Component\\Console\\Command\\Command->run()
#19 /var/www/warehouse.mohjss.so/vendor/symfony/console/Application.php(1094): Illuminate\\Console\\Command->run()
#20 /var/www/warehouse.mohjss.so/vendor/symfony/console/Application.php(342): Symfony\\Component\\Console\\Application->doRunCommand()
#21 /var/www/warehouse.mohjss.so/vendor/symfony/console/Application.php(193): Symfony\\Component\\Console\\Application->doRun()
#22 /var/www/warehouse.mohjss.so/vendor/laravel/framework/src/Illuminate/Foundation/Console/Kernel.php(198): Symfony\\Component\\Console\\Application->run()
#23 /var/www/warehouse.mohjss.so/vendor/laravel/framework/src/Illuminate/Foundation/Application.php(1235): Illuminate\\Foundation\\Console\\Kernel->handle()
#24 /var/www/warehouse.mohjss.so/artisan(16): Illuminate\\Foundation\\Application->handleCommand()
#25 {main}
"} 
[2026-03-25 01:10:02] production.ERROR: SQLSTATE[42S02]: Base table or view not found: 1146 Table 'mohjss_db.asset_maintenance' doesn't exist (Connection: mysql, SQL: select * from `asset_maintenance` where `maintenance_range` > 0 and `completed_date` is not null and `asset_maintenance`.`deleted_at` is null) {"exception":"[object] (Illuminate\\Database\\QueryException(code: 42S02): SQLSTATE[42S02]: Base table or view not found: 1146 Table 'mohjss_db.asset_maintenance' doesn't exist (Connection: mysql, SQL: select * from `asset_maintenance` where `maintenance_range` > 0 and `completed_date` is not null and `asset_maintenance`.`deleted_at` is null) at /var/www/warehouse.mohjss.so/vendor/laravel/framework/src/Illuminate/Database/Connection.php:825)
[stacktrace]
#0 /var/www/warehouse.mohjss.so/vendor/laravel/framework/src/Illuminate/Database/Connection.php(779): Illuminate\\Database\\Connection->runQueryCallback()
#1 /var/www/warehouse.mohjss.so/vendor/laravel/framework/src/Illuminate/Database/Connection.php(398): Illuminate\\Database\\Connection->run()
#2 /var/www/warehouse.mohjss.so/vendor/laravel/framework/src/Illuminate/Database/Query/Builder.php(3106): Illuminate\\Database\\Connection->select()
#3 /var/www/warehouse.mohjss.so/vendor/laravel/framework/src/Illuminate/Database/Query/Builder.php(3091): Illuminate\\Database\\Query\\Builder->runSelect()
#4 /var/www/warehouse.mohjss.so/vendor/laravel/framework/src/Illuminate/Database/Query/Builder.php(3676): Illuminate\\Database\\Query\\Builder->Illuminate\\Database\\Query\\{closure}()
#5 /var/www/warehouse.mohjss.so/vendor/laravel/framework/src/Illuminate/Database/Query/Builder.php(3090): Illuminate\\Database\\Query\\Builder->onceWithColumns()
#6 /var/www/warehouse.mohjss.so/vendor/laravel/framework/src/Illuminate/Database/Eloquent/Builder.php(811): Illuminate\\Database\\Query\\Builder->get()
#7 /var/www/warehouse.mohjss.so/vendor/laravel/framework/src/Illuminate/Database/Eloquent/Builder.php(793): Illuminate\\Database\\Eloquent\\Builder->getModels()
#8 /var/www/warehouse.mohjss.so/app/Console/Commands/GenerateMaintenanceSchedules.php(26): Illuminate\\Database\\Eloquent\\Builder->get()
#9 /var/www/warehouse.mohjss.so/vendor/laravel/framework/src/Illuminate/Container/BoundMethod.php(36): App\\Console\\Commands\\GenerateMaintenanceSchedules->handle()
#10 /var/www/warehouse.mohjss.so/vendor/laravel/framework/src/Illuminate/Container/Util.php(43): Illuminate\\Container\\BoundMethod::Illuminate\\Container\\{closure}()
#11 /var/www/warehouse.mohjss.so/vendor/laravel/framework/src/Illuminate/Container/BoundMethod.php(95): Illuminate\\Container\\Util::unwrapIfClosure()
#12 /var/www/warehouse.mohjss.so/vendor/laravel/framework/src/Illuminate/Container/BoundMethod.php(35): Illuminate\\Container\\BoundMethod::callBoundMethod()
#13 /var/www/warehouse.mohjss.so/vendor/laravel/framework/src/Illuminate/Container/Container.php(696): Illuminate\\Container\\BoundMethod::call()
#14 /var/www/warehouse.mohjss.so/vendor/laravel/framework/src/Illuminate/Console/Command.php(213): Illuminate\\Container\\Container->call()
#15 /var/www/warehouse.mohjss.so/vendor/symfony/console/Command/Command.php(279): Illuminate\\Console\\Command->execute()
#16 /var/www/warehouse.mohjss.so/vendor/laravel/framework/src/Illuminate/Console/Command.php(182): Symfony\\Component\\Console\\Command\\Command->run()
#17 /var/www/warehouse.mohjss.so/vendor/symfony/console/Application.php(1094): Illuminate\\Console\\Command->run()
#18 /var/www/warehouse.mohjss.so/vendor/symfony/console/Application.php(342): Symfony\\Component\\Console\\Application->doRunCommand()
#19 /var/www/warehouse.mohjss.so/vendor/symfony/console/Application.php(193): Symfony\\Component\\Console\\Application->doRun()
#20 /var/www/warehouse.mohjss.so/vendor/laravel/framework/src/Illuminate/Foundation/Console/Kernel.php(198): Symfony\\Component\\Console\\Application->run()
#21 /var/www/warehouse.mohjss.so/vendor/laravel/framework/src/Illuminate/Foundation/Application.php(1235): Illuminate\\Foundation\\Console\\Kernel->handle()
#22 /var/www/warehouse.mohjss.so/artisan(16): Illuminate\\Foundation\\Application->handleCommand()
#23 {main}

[previous exception] [object] (PDOException(code: 42S02): SQLSTATE[42S02]: Base table or view not found: 1146 Table 'mohjss_db.asset_maintenance' doesn't exist at /var/www/warehouse.mohjss.so/vendor/laravel/framework/src/Illuminate/Database/Connection.php:407)
[stacktrace]
#0 /var/www/warehouse.mohjss.so/vendor/laravel/framework/src/Illuminate/Database/Connection.php(407): PDO->prepare()
#1 /var/www/warehouse.mohjss.so/vendor/laravel/framework/src/Illuminate/Database/Connection.php(812): Illuminate\\Database\\Connection->Illuminate\\Database\\{closure}()
#2 /var/www/warehouse.mohjss.so/vendor/laravel/framework/src/Illuminate/Database/Connection.php(779): Illuminate\\Database\\Connection->runQueryCallback()
#3 /var/www/warehouse.mohjss.so/vendor/laravel/framework/src/Illuminate/Database/Connection.php(398): Illuminate\\Database\\Connection->run()
#4 /var/www/warehouse.mohjss.so/vendor/laravel/framework/src/Illuminate/Database/Query/Builder.php(3106): Illuminate\\Database\\Connection->select()
#5 /var/www/warehouse.mohjss.so/vendor/laravel/framework/src/Illuminate/Database/Query/Builder.php(3091): Illuminate\\Database\\Query\\Builder->runSelect()
#6 /var/www/warehouse.mohjss.so/vendor/laravel/framework/src/Illuminate/Database/Query/Builder.php(3676): Illuminate\\Database\\Query\\Builder->Illuminate\\Database\\Query\\{closure}()
#7 /var/www/warehouse.mohjss.so/vendor/laravel/framework/src/Illuminate/Database/Query/Builder.php(3090): Illuminate\\Database\\Query\\Builder->onceWithColumns()
#8 /var/www/warehouse.mohjss.so/vendor/laravel/framework/src/Illuminate/Database/Eloquent/Builder.php(811): Illuminate\\Database\\Query\\Builder->get()
#9 /var/www/warehouse.mohjss.so/vendor/laravel/framework/src/Illuminate/Database/Eloquent/Builder.php(793): Illuminate\\Database\\Eloquent\\Builder->getModels()
#10 /var/www/warehouse.mohjss.so/app/Console/Commands/GenerateMaintenanceSchedules.php(26): Illuminate\\Database\\Eloquent\\Builder->get()
#11 /var/www/warehouse.mohjss.so/vendor/laravel/framework/src/Illuminate/Container/BoundMethod.php(36): App\\Console\\Commands\\GenerateMaintenanceSchedules->handle()
#12 /var/www/warehouse.mohjss.so/vendor/laravel/framework/src/Illuminate/Container/Util.php(43): Illuminate\\Container\\BoundMethod::Illuminate\\Container\\{closure}()
#13 /var/www/warehouse.mohjss.so/vendor/laravel/framework/src/Illuminate/Container/BoundMethod.php(95): Illuminate\\Container\\Util::unwrapIfClosure()
#14 /var/www/warehouse.mohjss.so/vendor/laravel/framework/src/Illuminate/Container/BoundMethod.php(35): Illuminate\\Container\\BoundMethod::callBoundMethod()
#15 /var/www/warehouse.mohjss.so/vendor/laravel/framework/src/Illuminate/Container/Container.php(696): Illuminate\\Container\\BoundMethod::call()
#16 /var/www/warehouse.mohjss.so/vendor/laravel/framework/src/Illuminate/Console/Command.php(213): Illuminate\\Container\\Container->call()
#17 /var/www/warehouse.mohjss.so/vendor/symfony/console/Command/Command.php(279): Illuminate\\Console\\Command->execute()
#18 /var/www/warehouse.mohjss.so/vendor/laravel/framework/src/Illuminate/Console/Command.php(182): Symfony\\Component\\Console\\Command\\Command->run()
#19 /var/www/warehouse.mohjss.so/vendor/symfony/console/Application.php(1094): Illuminate\\Console\\Command->run()
#20 /var/www/warehouse.mohjss.so/vendor/symfony/console/Application.php(342): Symfony\\Component\\Console\\Application->doRunCommand()
#21 /var/www/warehouse.mohjss.so/vendor/symfony/console/Application.php(193): Symfony\\Component\\Console\\Application->doRun()
#22 /var/www/warehouse.mohjss.so/vendor/laravel/framework/src/Illuminate/Foundation/Console/Kernel.php(198): Symfony\\Component\\Console\\Application->run()
#23 /var/www/warehouse.mohjss.so/vendor/laravel/framework/src/Illuminate/Foundation/Application.php(1235): Illuminate\\Foundation\\Console\\Kernel->handle()
#24 /var/www/warehouse.mohjss.so/artisan(16): Illuminate\\Foundation\\Application->handleCommand()
#25 {main}
"} 
