Generating consumption data for 2026-03 (2026-03-01 to 2026-03-31)...
No dispences found for facility Bakaal Out Reach Mobile Team (ID: 963) in 2026-03
No dispences found for facility Wadajir Health Center (ID: 964) in 2026-03
Skipping facility Bardera District Hospital (ID: 965): Data already exists for 2026-03
No dispences found for facility Aminaay Outreach HealthTeam (ID: 966) in 2026-03
No dispences found for facility Bandar Health Center (ID: 967) in 2026-03
No dispences found for facility Geriley Health Center (ID: 968) in 2026-03
No dispences found for facility Iftin Mobile/Outreach Mobile Health Team (ID: 969) in 2026-03
No dispences found for facility Faafahdhuun Health Center 1 (ID: 970) in 2026-03
No dispences found for facility Ali Atto Health Center (ID: 971) in 2026-03
No dispences found for facility Habaal Adeey Health Center (ID: 972) in 2026-03
No dispences found for facility Kaskey Health Center (ID: 973) in 2026-03
No dispences found for facility Kaskeey Maternity Unit (ID: 974) in 2026-03
No dispences found for facility Bardera TB Clinic (ID: 975) in 2026-03
No dispences found for facility Serinleey Mobile/Outreach Health Team (ID: 976) in 2026-03
No dispences found for facility Iftin Health Center (ID: 977) in 2026-03
No dispences found for facility Horeseed  Health Center (ID: 978) in 2026-03
No dispences found for facility Kormari Primary Health Unit (ID: 979) in 2026-03
No dispences found for facility Horseed Maternity Unit (ID: 980) in 2026-03
No dispences found for facility Kurmaan Health Center (ID: 981) in 2026-03
No dispences found for facility Buula Kuuloow Health Center (ID: 982) in 2026-03
No dispences found for facility Faafahdhuun Health Center (ID: 983) in 2026-03
No dispences found for facility Waberi Health Center (ID: 984) in 2026-03
No dispences found for facility Gawitho Health Center (ID: 985) in 2026-03
No dispences found for facility Wargaduud Primary Health Unit (ID: 986) in 2026-03
No dispences found for facility Beled Hawo TB Clinic (ID: 987) in 2026-03
No dispences found for facility Beled Hawo Outreach / Mobile Health Clinic (ID: 988) in 2026-03
No dispences found for facility Cara Case Outreach Health Team (ID: 989) in 2026-03
No dispences found for facility Beled Hawo Health Center (ID: 990) in 2026-03
No dispences found for facility Section 2  Health Center (ID: 991) in 2026-03
No dispences found for facility Beled Hawo District Hospital (ID: 992) in 2026-03
No dispences found for facility Kamoroof Outreach/Mobile Health Team (ID: 993) in 2026-03
No dispences found for facility Makarey Health Center (ID: 994) in 2026-03
No dispences found for facility Lifeline Beled Hawo Mobile Health Team (ID: 995) in 2026-03
No dispences found for facility SRCS Qansax Oomane Health Center (ID: 996) in 2026-03
No dispences found for facility Haji Garas Primary Health Unit (ID: 997) in 2026-03
No dispences found for facility Bur Ijabo Primary Health Unit (ID: 998) in 2026-03
No dispences found for facility Beled Aamin Primary Health Unit (ID: 999) in 2026-03
No dispences found for facility Iidaan Outreach / Mobile Health Clinic (ID: 1000) in 2026-03
No dispences found for facility Beled Hawo Primary Health Unit (ID: 1001) in 2026-03
No dispences found for facility Baled Hawa Outreach/Mobile Clinic (ID: 1002) in 2026-03
No dispences found for facility Godan Dhawe Outreach Health Team (ID: 1003) in 2026-03
No dispences found for facility Buurdhubo Outreach / Mobile Health Clinic (ID: 1004) in 2026-03
No dispences found for facility Kurman Health Center (ID: 1005) in 2026-03
No dispences found for facility Hilmareer Health Center (ID: 1006) in 2026-03
No dispences found for facility Buurdhubo Health Center (ID: 1007) in 2026-03
No dispences found for facility lafa gari  Outreach Health  Team (ID: 1008) in 2026-03
No dispences found for facility Ceel-Waaq Health Center (ID: 1009) in 2026-03
No dispences found for facility ADA Primary Health Unit (ID: 1010) in 2026-03
No dispences found for facility Ceel-Waaq Outreach / Mobile Health Clinic (ID: 1011) in 2026-03
No dispences found for facility Samaronle Primary Health Unit (ID: 1012) in 2026-03
No dispences found for facility Waaberi Health Center (ID: 1013) in 2026-03
No dispences found for facility Ceell-Waaq District Hospital (ID: 1014) in 2026-03
No dispences found for facility Hool Wadaag Health Center (ID: 1015) in 2026-03
No dispences found for facility Ceel-Waaq TB Clinic (ID: 1016) in 2026-03
No dispences found for facility Goof Primary Health Unit (ID: 1017) in 2026-03
No dispences found for facility Dhamasa Health Center (ID: 1018) in 2026-03
No dispences found for facility Cows Quran Health Center (ID: 1019) in 2026-03
No dispences found for facility UNA Health Center (ID: 1020) in 2026-03
No dispences found for facility Dollow District Hospital (ID: 1021) in 2026-03
No dispences found for facility Dollow Outreach / Mobile Health Clinic (ID: 1022) in 2026-03
No dispences found for facility Surgaduud Primary Health Unit (ID: 1023) in 2026-03
No dispences found for facility Kabasa Primary Health Unit (ID: 1024) in 2026-03
No dispences found for facility Qurdubey Health Centre (ID: 1025) in 2026-03
No dispences found for facility Dollow Riverine Outreach / Mobile Health Clinic (ID: 1026) in 2026-03
No dispences found for facility Dagreebo Primary Health Unit (ID: 1027) in 2026-03
No dispences found for facility Dhusay Primary Health Unit (ID: 1028) in 2026-03
No dispences found for facility Gedweyne Health Center (ID: 1029) in 2026-03
No dispences found for facility Korey Health Center (ID: 1030) in 2026-03
No dispences found for facility Sinay Primary Health Unit (ID: 1031) in 2026-03
No dispences found for facility Ladan Outreach Mobile Team (ID: 1032) in 2026-03
No dispences found for facility Dolow Health Center (ID: 1033) in 2026-03
No dispences found for facility Bur cano Outreach Team (ID: 1034) in 2026-03
No dispences found for facility Unsi Health Center (ID: 1035) in 2026-03
No dispences found for facility Kaharey Health Center (ID: 1036) in 2026-03
No dispences found for facility Ladan IDP Health Center (ID: 1037) in 2026-03
No dispences found for facility Sadumay Primary Health Unit (ID: 1038) in 2026-03
No dispences found for facility Kabasa Health Center (ID: 1039) in 2026-03
No dispences found for facility Qansaxleey Mobile/outreach Health Team (ID: 1040) in 2026-03
No dispences found for facility Qansaxley IDP Health Center (ID: 1041) in 2026-03
No dispences found for facility Digtaar Outreach Health Team (ID: 1042) in 2026-03
No dispences found for facility Kabasa Mobile/Outreach Health Team (ID: 1043) in 2026-03
No dispences found for facility Shabel Health Center (ID: 1044) in 2026-03
No dispences found for facility Garbaharey Outreach / Mobile Health Clinic (ID: 1045) in 2026-03
No dispences found for facility Tulabarwaqo Health Center (ID: 1046) in 2026-03
No dispences found for facility Garbaharey Health Center (ID: 1047) in 2026-03
No dispences found for facility Garbaharey TB Clinic (ID: 1048) in 2026-03
No dispences found for facility Gowdo Health Center (ID: 1049) in 2026-03
No dispences found for facility Garbaharey District Hospital (ID: 1050) in 2026-03
No dispences found for facility Mobile/Outreach Health & Nutrition Team 3 (ID: 1051) in 2026-03
No dispences found for facility Yurkut Health Center (ID: 1052) in 2026-03
No dispences found for facility Luuq Godey Health Center (ID: 1053) in 2026-03
No dispences found for facility Busley Outreach HealthTeam (ID: 1054) in 2026-03
No dispences found for facility Akara Health Center (ID: 1055) in 2026-03
No dispences found for facility Taleex Health Center (ID: 1056) in 2026-03
No dispences found for facility Abow Primary Health Unit (ID: 1057) in 2026-03
No dispences found for facility Shidle Primary Health Unit (ID: 1058) in 2026-03
No dispences found for facility Bohol-Garas Health Center (ID: 1059) in 2026-03
No dispences found for facility Luuq District Hospital (ID: 1060) in 2026-03
No dispences found for facility Hanooy Primary Health Unit (ID: 1061) in 2026-03
No dispences found for facility Shatilow World Vision Primary Health Unit (ID: 1062) in 2026-03
No dispences found for facility Qoney Health Center (ID: 1063) in 2026-03
No dispences found for facility Cusbo Health Center (ID: 1064) in 2026-03
No dispences found for facility Shatilow Primary Health Unit (ID: 1065) in 2026-03
No dispences found for facility Hoday Primary Health Unit (ID: 1066) in 2026-03
No dispences found for facility Luuq IDPS Outreach / Mobile Health Clinic (ID: 1067) in 2026-03
No dispences found for facility Daarusalaam Health Center (ID: 1068) in 2026-03
No dispences found for facility Xero Koowaad Health Center (ID: 1069) in 2026-03
No dispences found for facility Xero kobad outreach mobile team (ID: 1070) in 2026-03
No dispences found for facility Luuq TB Clinic (ID: 1071) in 2026-03
No dispences found for facility Luuq Outreach / Mobile Health Clinic (ID: 1072) in 2026-03
Skipping facility Afmadow District Hospital (ID: 1073): Data already exists for 2026-03
No dispences found for facility Bula weyn Primary Health Unit (ID: 1074) in 2026-03
No dispences found for facility Arbaqarso Primary Health Unit (ID: 1075) in 2026-03
Skipping facility Fanoole Health Center (ID: 1076): Data already exists for 2026-03
No dispences found for facility Farjano Mobile Team (ID: 1077) in 2026-03
No dispences found for facility Daryeel Mobile Health Team (ID: 1078) in 2026-03
No dispences found for facility Rahmo Health Center (ID: 1079) in 2026-03
No dispences found for facility Waamo Primary Health Unit (ID: 1080) in 2026-03
No dispences found for facility Waaberi Health Center (ID: 1081) in 2026-03
No dispences found for facility Janaabdala Primary Health Unit (ID: 1082) in 2026-03
No dispences found for facility Hodan Health Center (ID: 1083) in 2026-03
No dispences found for facility Suun Maqara  Outreach/mobile (ID: 1084) in 2026-03
No dispences found for facility Danwadag Health center (ID: 1085) in 2026-03
No dispences found for facility Adole Outreach Health Team (ID: 1086) in 2026-03
No dispences found for facility Qooqaani Health Center (ID: 1087) in 2026-03
No dispences found for facility Afmadow TB Clinic (ID: 1088) in 2026-03
No dispences found for facility Camp Bari Mobile Team (ID: 1089) in 2026-03
No dispences found for facility Burgabo Health Center (ID: 1090) in 2026-03
No dispences found for facility Madawe Health Center (ID: 1091) in 2026-03
No dispences found for facility Kulbio Primary Health Unit (ID: 1092) in 2026-03
No dispences found for facility Mnarani Outreach Health Team (ID: 1093) in 2026-03
No dispences found for facility Gudhaa Health Center (ID: 1094) in 2026-03
No dispences found for facility Julla Health Center (ID: 1095) in 2026-03
No dispences found for facility Kulbiyow WRRS Health Center (ID: 1096) in 2026-03
No dispences found for facility Kuda WRRS Health Center (ID: 1097) in 2026-03
No dispences found for facility Raskanboni Hawl wadaag Health Center (ID: 1098) in 2026-03
No dispences found for facility Kulbiyoow WASDA Health Center (ID: 1099) in 2026-03
No dispences found for facility Hosungow Health Center (ID: 1100) in 2026-03
No dispences found for facility Raskanboni Health Center (ID: 1101) in 2026-03
No dispences found for facility Kulbiyow Health Center (ID: 1102) in 2026-03
No dispences found for facility Dhobley TB Clinic (ID: 1103) in 2026-03
No dispences found for facility Horsed Health Center (ID: 1104) in 2026-03
No dispences found for facility Danwadaag Health Center (ID: 1105) in 2026-03
No dispences found for facility Abdisugow Outreach Team (ID: 1106) in 2026-03
No dispences found for facility Dhobley Stablization Center (ID: 1107) in 2026-03
No dispences found for facility Tuula-Barwaaqo Health Center (ID: 1108) in 2026-03
No dispences found for facility Madina Health Center (ID: 1109) in 2026-03
No dispences found for facility Bosnia Health Center (ID: 1110) in 2026-03
No dispences found for facility Degelama Health Center (ID: 1111) in 2026-03
No dispences found for facility Daryeel Outreach team (ID: 1112) in 2026-03
No dispences found for facility Takulo Health Center (ID: 1113) in 2026-03
No dispences found for facility Dhobleey District Hospital (ID: 1114) in 2026-03
No dispences found for facility Waaberi Health Center (ID: 1115) in 2026-03
No dispences found for facility Diif Health Center (ID: 1116) in 2026-03
No dispences found for facility Bulo Katur Health Center (ID: 1117) in 2026-03
No dispences found for facility Midnimo Health Center (ID: 1118) in 2026-03
No dispences found for facility Wadajir Health Center (ID: 1119) in 2026-03
No dispences found for facility Aargaani Health Center (ID: 1120) in 2026-03
No dispences found for facility Buulabartire Health Center (ID: 1121) in 2026-03
No dispences found for facility Taabto Health Center (ID: 1122) in 2026-03
No dispences found for facility Kulmis Primary Health Unit (ID: 1123) in 2026-03
No dispences found for facility Towfiiq Primary Health Unit (ID: 1124) in 2026-03
No dispences found for facility Singaleer Mobile Health Team (ID: 1125) in 2026-03
No dispences found for facility Baar Sanguuni Health Center (ID: 1126) in 2026-03
No dispences found for facility Jamame Mobile Team (ID: 1127) in 2026-03
No dispences found for facility Jamama Health Center (ID: 1128) in 2026-03
No dispences found for facility Wirkooy Health Center (ID: 1129) in 2026-03
No dispences found for facility Araare Outreach Health Team (ID: 1130) in 2026-03
No dispences found for facility Jamame  TB Clinic (ID: 1131) in 2026-03
No dispences found for facility Dalxis Maternity Mobile Clinic (ID: 1132) in 2026-03
No dispences found for facility Istanbul Health Health Center (ID: 1133) in 2026-03
No dispences found for facility SHAAFICI PRIVATE HOSPITAL (ID: 1134) in 2026-03
No dispences found for facility Baxnaano Health Center (ID: 1135) in 2026-03
No dispences found for facility Waamo Health Center (ID: 1136) in 2026-03
No dispences found for facility New buulo-guduud Primary Health Unit (ID: 1137) in 2026-03
No dispences found for facility Istanbuul Outreach / Mobile Health Clinic (ID: 1138) in 2026-03
No dispences found for facility Qaamqaam Health Center (ID: 1139) in 2026-03
No dispences found for facility GEEDI PRIVATE HOSPITAL (ID: 1140) in 2026-03
No dispences found for facility Farjano Mobile Health Clinic (ID: 1141) in 2026-03
No dispences found for facility Waaberi Health Center (ID: 1142) in 2026-03
No dispences found for facility Bilacsan Primary Health Unit (ID: 1143) in 2026-03
No dispences found for facility Goobweyn Health Center (ID: 1144) in 2026-03
No dispences found for facility Suuqa Cowska Health Center (ID: 1145) in 2026-03
No dispences found for facility Indian ocean Health Center (ID: 1146) in 2026-03
No dispences found for facility Kismayo TB Clinic (ID: 1147) in 2026-03
No dispences found for facility Olympic Health Center (ID: 1148) in 2026-03
No dispences found for facility Badbaado Health Center (ID: 1149) in 2026-03
No dispences found for facility Kismayo Hospital OPD (ID: 1150) in 2026-03
No dispences found for facility Dalxiiska Health Center (ID: 1151) in 2026-03
No dispences found for facility JUBA SPECIALIST HOSPITAL (ID: 1152) in 2026-03
No dispences found for facility Fii-Afmadow Health Center (ID: 1153) in 2026-03
No dispences found for facility BAYAAN PRIVATE HOSPITAL (ID: 1154) in 2026-03
No dispences found for facility Riiqato Mobile Team (ID: 1155) in 2026-03
No dispences found for facility KAAFI PRIVATE HOSPITAL (ID: 1156) in 2026-03
No dispences found for facility Buula Garasey Mobile/outreach Health Team (ID: 1157) in 2026-03
No dispences found for facility Buula-Gaduud Health Center (ID: 1158) in 2026-03
No dispences found for facility Barkada Shariifada Mobile/Outreach Team (ID: 1159) in 2026-03
No dispences found for facility Bulo-Faturo Mobile Team (ID: 1160) in 2026-03
No dispences found for facility Yoontooy Mobile Health Team (ID: 1161) in 2026-03
No dispences found for facility Hanta Biyaha Primary Health Unit (ID: 1162) in 2026-03
No dispences found for facility Kismayo South Mobile Nutrition Team (ID: 1163) in 2026-03
No dispences found for facility Mahfalka Health Center (ID: 1164) in 2026-03
No dispences found for facility Dalsan Primary Health Unit (ID: 1165) in 2026-03
No dispences found for facility Hanta Biyaha Maternity Unit (ID: 1166) in 2026-03
No dispences found for facility Gulwade Health Center (ID: 1167) in 2026-03
No dispences found for facility SOMALI CARE HOSPITAL (ID: 1168) in 2026-03
No dispences found for facility Suqa Xoolaha Health Center (ID: 1169) in 2026-03
No dispences found for facility NAALO PRAVAT HOSPITAL (ID: 1170) in 2026-03
No dispences found for facility Ceeljale 2 Mobile Team (ID: 1171) in 2026-03
No dispences found for facility Farjano Health Center (ID: 1172) in 2026-03
No dispences found for facility DANKAAB PRIVATE HOSPITAL (ID: 1173) in 2026-03
No dispences found for facility Howlaha Maraakiibta Health Center (ID: 1174) in 2026-03
No dispences found for facility qarsa Health Center (ID: 1175) in 2026-03
No dispences found for facility Bulo faturo Primary Health Unit (ID: 1176) in 2026-03
No dispences found for facility Kismayo General Hospital (ID: 1177) in 2026-03
No dispences found for facility Wadajir Primary Health Unit (ID: 1178) in 2026-03
No dispences found for facility VIA AFMADOW PRIVATE HOSPITAL (ID: 1179) in 2026-03
No dispences found for facility Galbeed Primary Health Unit (ID: 1180) in 2026-03
No dispences found for facility Midnimo  Health Center (ID: 1181) in 2026-03
No dispences found for facility Xaawo Taako Health Center (ID: 1182) in 2026-03
No dispences found for facility Buula-Ablika Health Center (ID: 1183) in 2026-03
No dispences found for facility Iskufilan Health Center (ID: 1184) in 2026-03
No dispences found for facility Daryel Private Hospital (ID: 1185) in 2026-03
No dispences found for facility Bacaad waayn Health Center (ID: 1186) in 2026-03
No dispences found for facility BAHNAANO PRIVATE HOSPITAL (ID: 1187) in 2026-03
No dispences found for facility Luglow Health Center (ID: 1188) in 2026-03
No dispences found for facility Suuban Salamo Primary Health Unit (ID: 1189) in 2026-03
No dispences found for facility Dalxiska Primary Health Unit (ID: 1190) in 2026-03
No dispences found for facility Madiina Health Center (ID: 1191) in 2026-03
No dispences found for facility Cel cad Mobile Team (ID: 1192) in 2026-03
No dispences found for facility SAAHID GENERAL HOSPITAL (ID: 1193) in 2026-03
No dispences found for facility Kismayo Western Zone Out Reach (ID: 1194) in 2026-03
No dispences found for facility NATIONAL HOSPITAL (ID: 1195) in 2026-03
No dispences found for facility Abdal-Birole Health Center (ID: 1196) in 2026-03
No dispences found for facility Qalawiley Primery Health Unit (ID: 1197) in 2026-03
No dispences found for facility Xagar geel Outreach Team (ID: 1198) in 2026-03
No dispences found for facility Buale health centre (ID: 1199) in 2026-03
No dispences found for facility Bu,ale TB clinic (ID: 1200) in 2026-03
No dispences found for facility Jilib TB clinic (ID: 1201) in 2026-03
No dispences found for facility Jilib health centre (ID: 1202) in 2026-03
No dispences found for facility Marerey Outreach (ID: 1203) in 2026-03
No dispences found for facility Bardere District Warehouse (ID: 1204) in 2026-03
Monthly consumption data generation complete!
Processed 0 facilities, skipped 242 facilities
