  0/34 [░░░░░░░░░░░░░░░░░░░░░░░░░░░░]   0%
Processing warehouse: Bardere District Warehouse (ID: 2)

  4/34 [▓▓▓░░░░░░░░░░░░░░░░░░░░░░░░░]  11%
 11/34 [▓▓▓▓▓▓▓▓▓░░░░░░░░░░░░░░░░░░░]  32%
Processing warehouse: Jubaland Central Warehouse (ID: 3)

 21/34 [▓▓▓▓▓▓▓▓▓▓▓▓▓▓▓▓▓░░░░░░░░░░░]  61%
 24/34 [▓▓▓▓▓▓▓▓▓▓▓▓▓▓▓▓▓▓▓░░░░░░░░░]  70%
 28/34 [▓▓▓▓▓▓▓▓▓▓▓▓▓▓▓▓▓▓▓▓▓▓▓░░░░░]  82%
Processing warehouse: Afmadow Regional Warehouse (ID: 4)

 34/34 [▓▓▓▓▓▓▓▓▓▓▓▓▓▓▓▓▓▓▓▓▓▓▓▓▓▓▓▓] 100%

================================================================================
QUANTITY SUMMARY FOR 2026-03
================================================================================

------------------------------------------------------------
WAREHOUSE: Bardere District Warehouse (ID: 2)
------------------------------------------------------------

Product: Adrenaline/Epinephrine 1mg/1ml amps (ID: 1116)
  Beginning Balance: 0
  Received Quantity: 0
  Issued Quantity: 0
  Other Quantity Out: 0
  Positive Adjustment: 0
  Negative Adjustment: 0
  Closing Balance: 0
  Average Monthly Consumption: 0
  Months of Stock: 

Product: Chlorpheniramine 4 mg tab (ID: 1118)
  Beginning Balance: 0
  Received Quantity: 0
  Issued Quantity: 0
  Other Quantity Out: 0
  Positive Adjustment: 0
  Negative Adjustment: 0
  Closing Balance: 0
  Average Monthly Consumption: 0
  Months of Stock: 

Product: Ferrous salt + folic acid (60mg + 0.40 mg) tab (ID: 1120)
  Beginning Balance: 0
  Received Quantity: 0
  Issued Quantity: 0
  Other Quantity Out: 0
  Positive Adjustment: 0
  Negative Adjustment: 0
  Closing Balance: 0
  Average Monthly Consumption: 0
  Months of Stock: 

Product: Fluconazole 150 mg tab (ID: 1121)
  Beginning Balance: 0
  Received Quantity: 0
  Issued Quantity: 0
  Other Quantity Out: 0
  Positive Adjustment: 0
  Negative Adjustment: 0
  Closing Balance: 0
  Average Monthly Consumption: 0
  Months of Stock: 

Product: Amoxicillin 500mg Caps (ID: 1129)
  Beginning Balance: 0
  Received Quantity: 0
  Issued Quantity: 0
  Other Quantity Out: 0
  Positive Adjustment: 0
  Negative Adjustment: 0
  Closing Balance: 0
  Average Monthly Consumption: 0
  Months of Stock: 

Product: Ibuprofen 400mg tab (ID: 1141)
  Beginning Balance: 0
  Received Quantity: 0
  Issued Quantity: 0
  Other Quantity Out: 0
  Positive Adjustment: 0
  Negative Adjustment: 0
  Closing Balance: 0
  Average Monthly Consumption: 0
  Months of Stock: 

Product: Paracetamol 500 mg tab (ID: 1150)
  Beginning Balance: 0
  Received Quantity: 0
  Issued Quantity: 0
  Other Quantity Out: 0
  Positive Adjustment: 0
  Negative Adjustment: 0
  Closing Balance: 0
  Average Monthly Consumption: 0
  Months of Stock: 

Product: Metronidazole 400mg tab (ID: 1159)
  Beginning Balance: 0
  Received Quantity: 0
  Issued Quantity: 0
  Other Quantity Out: 0
  Positive Adjustment: 0
  Negative Adjustment: 0
  Closing Balance: 0
  Average Monthly Consumption: 0
  Months of Stock: 

Product: Paracetamol 100 mg tab (ID: 1173)
  Beginning Balance: 0
  Received Quantity: 0
  Issued Quantity: 0
  Other Quantity Out: 0
  Positive Adjustment: 0
  Negative Adjustment: 0
  Closing Balance: 0
  Average Monthly Consumption: 0
  Months of Stock: 

Product: Oral Rehydration Salt (ORS) (ID: 1180)
  Beginning Balance: 0
  Received Quantity: 0
  Issued Quantity: 0
  Other Quantity Out: 0
  Positive Adjustment: 0
  Negative Adjustment: 0
  Closing Balance: 0
  Average Monthly Consumption: 0
  Months of Stock: 

Product: Albendazole 400mg tab (ID: 1187)
  Beginning Balance: 0
  Received Quantity: 0
  Issued Quantity: 0
  Other Quantity Out: 0
  Positive Adjustment: 0
  Negative Adjustment: 0
  Closing Balance: 0
  Average Monthly Consumption: 0
  Months of Stock: 

Product: Amoxycillin 250 mg tab (ID: 1190)
  Beginning Balance: 0
  Received Quantity: 0
  Issued Quantity: 0
  Other Quantity Out: 0
  Positive Adjustment: 0
  Negative Adjustment: 0
  Closing Balance: 0
  Average Monthly Consumption: 0
  Months of Stock: 

Product: Anti-D (Rho) immunoglobulin 300 mcg (1,500 IU) (ID: 1191)
  Beginning Balance: 0
  Received Quantity: 0
  Issued Quantity: 0
  Other Quantity Out: 0
  Positive Adjustment: 0
  Negative Adjustment: 0
  Closing Balance: 0
  Average Monthly Consumption: 0
  Months of Stock: 

Product: Ciporfloxacin 500mg tab (ID: 1201)
  Beginning Balance: 0
  Received Quantity: 0
  Issued Quantity: 0
  Other Quantity Out: 0
  Positive Adjustment: 0
  Negative Adjustment: 0
  Closing Balance: 0
  Average Monthly Consumption: 0
  Months of Stock: 

Product: Artemeter + Lumefantrine; 20mg+120mg [6 Tab] (ID: 1296)
  Beginning Balance: 0
  Received Quantity: 0
  Issued Quantity: 0
  Other Quantity Out: 0
  Positive Adjustment: 0
  Negative Adjustment: 0
  Closing Balance: 0
  Average Monthly Consumption: 0
  Months of Stock: 

Product: Gloves, latex, examination, medium, disposable, non-sterile (ID: 1336)
  Beginning Balance: 0
  Received Quantity: 0
  Issued Quantity: 0
  Other Quantity Out: 0
  Positive Adjustment: 0
  Negative Adjustment: 0
  Closing Balance: 0
  Average Monthly Consumption: 0
  Months of Stock: 

------------------------------------------------------------
WAREHOUSE: Jubaland Central Warehouse (ID: 3)
------------------------------------------------------------

Product: Azithromycin 250mg tab (ID: 1117)
  Beginning Balance: 0
  Received Quantity: 0
  Issued Quantity: 0
  Other Quantity Out: 0
  Positive Adjustment: 0
  Negative Adjustment: 0
  Closing Balance: 0
  Average Monthly Consumption: 0
  Months of Stock: 

Product: Chlorpheniramine 4 mg tab (ID: 1118)
  Beginning Balance: 0
  Received Quantity: 0
  Issued Quantity: 0
  Other Quantity Out: 0
  Positive Adjustment: 0
  Negative Adjustment: 0
  Closing Balance: 0
  Average Monthly Consumption: 0
  Months of Stock: 

Product: Ferrous salt + folic acid (60mg + 0.40 mg) tab (ID: 1120)
  Beginning Balance: 0
  Received Quantity: 0
  Issued Quantity: 0
  Other Quantity Out: 0
  Positive Adjustment: 0
  Negative Adjustment: 0
  Closing Balance: 0
  Average Monthly Consumption: 0
  Months of Stock: 

Product: Fluconazole 150 mg tab (ID: 1121)
  Beginning Balance: 0
  Received Quantity: 0
  Issued Quantity: 0
  Other Quantity Out: 0
  Positive Adjustment: 0
  Negative Adjustment: 0
  Closing Balance: 0
  Average Monthly Consumption: 0
  Months of Stock: 

Product: Amoxicillin 125 mg + clavulanic acid 31.25 mg/5 ml Syrup (ID: 1126)
  Beginning Balance: 0
  Received Quantity: 0
  Issued Quantity: 0
  Other Quantity Out: 0
  Positive Adjustment: 0
  Negative Adjustment: 0
  Closing Balance: 0
  Average Monthly Consumption: 0
  Months of Stock: 

Product: Amoxicillin 500mg Caps (ID: 1129)
  Beginning Balance: 0
  Received Quantity: 0
  Issued Quantity: 0
  Other Quantity Out: 0
  Positive Adjustment: 0
  Negative Adjustment: 0
  Closing Balance: 0
  Average Monthly Consumption: 0
  Months of Stock: 

Product: Ibuprofen 400mg tab (ID: 1141)
  Beginning Balance: 0
  Received Quantity: 0
  Issued Quantity: 0
  Other Quantity Out: 0
  Positive Adjustment: 0
  Negative Adjustment: 0
  Closing Balance: 0
  Average Monthly Consumption: 0
  Months of Stock: 

Product: Oxytocin 10 IU/ml Inj (ID: 1148)
  Beginning Balance: 0
  Received Quantity: 0
  Issued Quantity: 0
  Other Quantity Out: 0
  Positive Adjustment: 0
  Negative Adjustment: 0
  Closing Balance: 0
  Average Monthly Consumption: 0
  Months of Stock: 

Product: Paracetamol 500 mg tab (ID: 1150)
  Beginning Balance: 0
  Received Quantity: 0
  Issued Quantity: 0
  Other Quantity Out: 0
  Positive Adjustment: 0
  Negative Adjustment: 0
  Closing Balance: 0
  Average Monthly Consumption: 0
  Months of Stock: 

Product: Metronidazole 400mg tab (ID: 1159)
  Beginning Balance: 0
  Received Quantity: 0
  Issued Quantity: 0
  Other Quantity Out: 0
  Positive Adjustment: 0
  Negative Adjustment: 0
  Closing Balance: 0
  Average Monthly Consumption: 0
  Months of Stock: 

Product: Paracetamol 100 mg tab (ID: 1173)
  Beginning Balance: 0
  Received Quantity: 0
  Issued Quantity: 0
  Other Quantity Out: 0
  Positive Adjustment: 0
  Negative Adjustment: 0
  Closing Balance: 0
  Average Monthly Consumption: 0
  Months of Stock: 

Product: Oral Rehydration Salt (ORS) (ID: 1180)
  Beginning Balance: 0
  Received Quantity: 0
  Issued Quantity: 0
  Other Quantity Out: 0
  Positive Adjustment: 0
  Negative Adjustment: 0
  Closing Balance: 0
  Average Monthly Consumption: 0
  Months of Stock: 

Product: Amoxycillin 250 mg tab (ID: 1190)
  Beginning Balance: 0
  Received Quantity: 0
  Issued Quantity: 0
  Other Quantity Out: 0
  Positive Adjustment: 0
  Negative Adjustment: 0
  Closing Balance: 0
  Average Monthly Consumption: 0
  Months of Stock: 

Product: Ciporfloxacin 500mg tab (ID: 1201)
  Beginning Balance: 0
  Received Quantity: 0
  Issued Quantity: 0
  Other Quantity Out: 0
  Positive Adjustment: 0
  Negative Adjustment: 0
  Closing Balance: 0
  Average Monthly Consumption: 0
  Months of Stock: 

Product: Gloves, latex, examination, medium, disposable, non-sterile (ID: 1336)
  Beginning Balance: 0
  Received Quantity: 0
  Issued Quantity: 0
  Other Quantity Out: 0
  Positive Adjustment: 0
  Negative Adjustment: 0
  Closing Balance: 0
  Average Monthly Consumption: 0
  Months of Stock: 

------------------------------------------------------------
WAREHOUSE: Afmadow Regional Warehouse (ID: 4)
------------------------------------------------------------

Product: Ferrous salt + folic acid (60mg + 0.40 mg) tab (ID: 1120)
  Beginning Balance: 0
  Received Quantity: 0
  Issued Quantity: 0
  Other Quantity Out: 0
  Positive Adjustment: 0
  Negative Adjustment: 0
  Closing Balance: 0
  Average Monthly Consumption: 0
  Months of Stock: 

Product: Fluconazole 150 mg tab (ID: 1121)
  Beginning Balance: 0
  Received Quantity: 0
  Issued Quantity: 0
  Other Quantity Out: 0
  Positive Adjustment: 0
  Negative Adjustment: 0
  Closing Balance: 0
  Average Monthly Consumption: 0
  Months of Stock: 

Product: ALAT/GPT test kit, liqui/UV, 10 x 10 ml (ID: 1368)
  Beginning Balance: 0
  Received Quantity: 0
  Issued Quantity: 0
  Other Quantity Out: 0
  Positive Adjustment: 0
  Negative Adjustment: 0
  Closing Balance: 0
  Average Monthly Consumption: 0
  Months of Stock: 

================================================================================
Total Products Processed: 34
Total Closing Balance: 0
================================================================================

Inventory report for 2026-03 generated successfully!
